{
  "E:\\RS-School-2022-2023\\React\\react-01\\react-components\\src\\components\\cards\\card.tsx": {
    "path": "E:\\RS-School-2022-2023\\React\\react-01\\react-components\\src\\components\\cards\\card.tsx",
    "all": false,
    "statementMap": {
      "0": { "start": { "line": 1, "column": 0 }, "end": { "line": 1, "column": 47 } },
      "1": { "start": { "line": 2, "column": 0 }, "end": { "line": 2, "column": 0 } },
      "2": { "start": { "line": 3, "column": 0 }, "end": { "line": 3, "column": 49 } },
      "3": { "start": { "line": 4, "column": 0 }, "end": { "line": 4, "column": 70 } },
      "4": { "start": { "line": 5, "column": 0 }, "end": { "line": 5, "column": 0 } },
      "5": { "start": { "line": 6, "column": 0 }, "end": { "line": 6, "column": 10 } },
      "6": { "start": { "line": 7, "column": 0 }, "end": { "line": 7, "column": 6 } },
      "7": { "start": { "line": 8, "column": 0 }, "end": { "line": 8, "column": 28 } },
      "8": { "start": { "line": 9, "column": 0 }, "end": { "line": 9, "column": 24 } },
      "9": { "start": { "line": 10, "column": 0 }, "end": { "line": 10, "column": 51 } },
      "10": { "start": { "line": 11, "column": 0 }, "end": { "line": 11, "column": 28 } },
      "11": { "start": { "line": 12, "column": 0 }, "end": { "line": 12, "column": 29 } },
      "12": { "start": { "line": 13, "column": 0 }, "end": { "line": 13, "column": 14 } },
      "13": { "start": { "line": 14, "column": 0 }, "end": { "line": 14, "column": 29 } },
      "14": { "start": { "line": 15, "column": 0 }, "end": { "line": 15, "column": 12 } },
      "15": { "start": { "line": 16, "column": 0 }, "end": { "line": 16, "column": 7 } },
      "16": { "start": { "line": 17, "column": 0 }, "end": { "line": 17, "column": 4 } },
      "17": { "start": { "line": 18, "column": 0 }, "end": { "line": 18, "column": 1 } }
    },
    "s": {
      "0": 1,
      "1": 1,
      "2": 21,
      "3": 21,
      "4": 21,
      "5": 21,
      "6": 21,
      "7": 21,
      "8": 21,
      "9": 21,
      "10": 21,
      "11": 21,
      "12": 21,
      "13": 21,
      "14": 21,
      "15": 21,
      "16": 21,
      "17": 21
    },
    "branchMap": {
      "0": {
        "type": "branch",
        "line": 3,
        "loc": { "start": { "line": 3, "column": 0 }, "end": { "line": 18, "column": 1 } },
        "locations": [{ "start": { "line": 3, "column": 0 }, "end": { "line": 18, "column": 1 } }]
      }
    },
    "b": { "0": [21] },
    "fnMap": {
      "0": {
        "name": "Card",
        "decl": { "start": { "line": 3, "column": 0 }, "end": { "line": 18, "column": 1 } },
        "loc": { "start": { "line": 3, "column": 0 }, "end": { "line": 18, "column": 1 } },
        "line": 3
      }
    },
    "f": { "0": 21 }
  },
  "E:\\RS-School-2022-2023\\React\\react-01\\react-components\\src\\components\\cards\\cards.tsx": {
    "path": "E:\\RS-School-2022-2023\\React\\react-01\\react-components\\src\\components\\cards\\cards.tsx",
    "all": false,
    "statementMap": {
      "0": { "start": { "line": 1, "column": 0 }, "end": { "line": 1, "column": 43 } },
      "1": { "start": { "line": 2, "column": 0 }, "end": { "line": 2, "column": 52 } },
      "2": { "start": { "line": 3, "column": 0 }, "end": { "line": 3, "column": 26 } },
      "3": { "start": { "line": 4, "column": 0 }, "end": { "line": 4, "column": 0 } },
      "4": { "start": { "line": 5, "column": 0 }, "end": { "line": 5, "column": 33 } },
      "5": { "start": { "line": 6, "column": 0 }, "end": { "line": 6, "column": 10 } },
      "6": { "start": { "line": 7, "column": 0 }, "end": { "line": 7, "column": 6 } },
      "7": { "start": { "line": 8, "column": 0 }, "end": { "line": 8, "column": 53 } },
      "8": { "start": { "line": 9, "column": 0 }, "end": { "line": 9, "column": 42 } },
      "9": { "start": { "line": 10, "column": 0 }, "end": { "line": 10, "column": 48 } },
      "10": { "start": { "line": 11, "column": 0 }, "end": { "line": 11, "column": 11 } },
      "11": { "start": { "line": 12, "column": 0 }, "end": { "line": 12, "column": 12 } },
      "12": { "start": { "line": 13, "column": 0 }, "end": { "line": 13, "column": 7 } },
      "13": { "start": { "line": 14, "column": 0 }, "end": { "line": 14, "column": 4 } },
      "14": { "start": { "line": 15, "column": 0 }, "end": { "line": 15, "column": 1 } }
    },
    "s": {
      "0": 1,
      "1": 1,
      "2": 1,
      "3": 1,
      "4": 1,
      "5": 1,
      "6": 1,
      "7": 1,
      "8": 1,
      "9": 20,
      "10": 1,
      "11": 1,
      "12": 1,
      "13": 1,
      "14": 1
    },
    "branchMap": {
      "0": {
        "type": "branch",
        "line": 5,
        "loc": { "start": { "line": 5, "column": 0 }, "end": { "line": 15, "column": 1 } },
        "locations": [{ "start": { "line": 5, "column": 0 }, "end": { "line": 15, "column": 1 } }]
      },
      "1": {
        "type": "branch",
        "line": 9,
        "loc": { "start": { "line": 9, "column": 23 }, "end": { "line": 10, "column": 48 } },
        "locations": [{ "start": { "line": 9, "column": 23 }, "end": { "line": 10, "column": 48 } }]
      }
    },
    "b": { "0": [1], "1": [20] },
    "fnMap": {
      "0": {
        "name": "Cards",
        "decl": { "start": { "line": 5, "column": 0 }, "end": { "line": 15, "column": 1 } },
        "loc": { "start": { "line": 5, "column": 0 }, "end": { "line": 15, "column": 1 } },
        "line": 5
      }
    },
    "f": { "0": 1 }
  },
  "E:\\RS-School-2022-2023\\React\\react-01\\react-components\\src\\components\\search-bar\\search-bar.tsx": {
    "path": "E:\\RS-School-2022-2023\\React\\react-01\\react-components\\src\\components\\search-bar\\search-bar.tsx",
    "all": false,
    "statementMap": {
      "0": { "start": { "line": 1, "column": 0 }, "end": { "line": 1, "column": 57 } },
      "1": { "start": { "line": 2, "column": 0 }, "end": { "line": 2, "column": 0 } },
      "2": { "start": { "line": 3, "column": 0 }, "end": { "line": 3, "column": 37 } },
      "3": { "start": { "line": 4, "column": 0 }, "end": { "line": 4, "column": 77 } },
      "4": { "start": { "line": 5, "column": 0 }, "end": { "line": 5, "column": 76 } },
      "5": { "start": { "line": 6, "column": 0 }, "end": { "line": 6, "column": 0 } },
      "6": { "start": { "line": 7, "column": 0 }, "end": { "line": 7, "column": 52 } },
      "7": { "start": { "line": 8, "column": 0 }, "end": { "line": 8, "column": 27 } },
      "8": { "start": { "line": 9, "column": 0 }, "end": { "line": 9, "column": 51 } },
      "9": { "start": { "line": 10, "column": 0 }, "end": { "line": 10, "column": 4 } },
      "10": { "start": { "line": 11, "column": 0 }, "end": { "line": 11, "column": 0 } },
      "11": { "start": { "line": 12, "column": 0 }, "end": { "line": 12, "column": 72 } },
      "12": { "start": { "line": 13, "column": 0 }, "end": { "line": 13, "column": 52 } },
      "13": { "start": { "line": 14, "column": 0 }, "end": { "line": 14, "column": 32 } },
      "14": { "start": { "line": 15, "column": 0 }, "end": { "line": 15, "column": 53 } },
      "15": { "start": { "line": 16, "column": 0 }, "end": { "line": 16, "column": 4 } },
      "16": { "start": { "line": 17, "column": 0 }, "end": { "line": 17, "column": 0 } },
      "17": { "start": { "line": 18, "column": 0 }, "end": { "line": 18, "column": 10 } },
      "18": { "start": { "line": 19, "column": 0 }, "end": { "line": 19, "column": 6 } },
      "19": { "start": { "line": 20, "column": 0 }, "end": { "line": 20, "column": 67 } },
      "20": { "start": { "line": 21, "column": 0 }, "end": { "line": 21, "column": 60 } },
      "21": { "start": { "line": 22, "column": 0 }, "end": { "line": 22, "column": 14 } },
      "22": { "start": { "line": 23, "column": 0 }, "end": { "line": 23, "column": 16 } },
      "23": { "start": { "line": 24, "column": 0 }, "end": { "line": 24, "column": 35 } },
      "24": { "start": { "line": 25, "column": 0 }, "end": { "line": 25, "column": 30 } },
      "25": { "start": { "line": 26, "column": 0 }, "end": { "line": 26, "column": 23 } },
      "26": { "start": { "line": 27, "column": 0 }, "end": { "line": 27, "column": 18 } },
      "27": { "start": { "line": 28, "column": 0 }, "end": { "line": 28, "column": 28 } },
      "28": { "start": { "line": 29, "column": 0 }, "end": { "line": 29, "column": 33 } },
      "29": { "start": { "line": 30, "column": 0 }, "end": { "line": 30, "column": 10 } },
      "30": { "start": { "line": 31, "column": 0 }, "end": { "line": 31, "column": 13 } },
      "31": { "start": { "line": 32, "column": 0 }, "end": { "line": 32, "column": 7 } },
      "32": { "start": { "line": 33, "column": 0 }, "end": { "line": 33, "column": 4 } },
      "33": { "start": { "line": 34, "column": 0 }, "end": { "line": 34, "column": 1 } }
    },
    "s": {
      "0": 1,
      "1": 1,
      "2": 6,
      "3": 6,
      "4": 6,
      "5": 6,
      "6": 6,
      "7": 1,
      "8": 1,
      "9": 1,
      "10": 6,
      "11": 6,
      "12": 2,
      "13": 2,
      "14": 2,
      "15": 2,
      "16": 6,
      "17": 6,
      "18": 6,
      "19": 6,
      "20": 6,
      "21": 6,
      "22": 6,
      "23": 6,
      "24": 6,
      "25": 6,
      "26": 6,
      "27": 6,
      "28": 6,
      "29": 6,
      "30": 6,
      "31": 6,
      "32": 6,
      "33": 6
    },
    "branchMap": {
      "0": {
        "type": "branch",
        "line": 3,
        "loc": { "start": { "line": 3, "column": 0 }, "end": { "line": 34, "column": 1 } },
        "locations": [{ "start": { "line": 3, "column": 0 }, "end": { "line": 34, "column": 1 } }]
      },
      "1": {
        "type": "branch",
        "line": 5,
        "loc": { "start": { "line": 5, "column": 47 }, "end": { "line": 5, "column": 74 } },
        "locations": [{ "start": { "line": 5, "column": 47 }, "end": { "line": 5, "column": 74 } }]
      },
      "2": {
        "type": "branch",
        "line": 7,
        "loc": { "start": { "line": 7, "column": 23 }, "end": { "line": 10, "column": 4 } },
        "locations": [{ "start": { "line": 7, "column": 23 }, "end": { "line": 10, "column": 4 } }]
      },
      "3": {
        "type": "branch",
        "line": 12,
        "loc": { "start": { "line": 12, "column": 23 }, "end": { "line": 16, "column": 4 } },
        "locations": [{ "start": { "line": 12, "column": 23 }, "end": { "line": 16, "column": 4 } }]
      }
    },
    "b": { "0": [6], "1": [3], "2": [1], "3": [2] },
    "fnMap": {
      "0": {
        "name": "SearchBar",
        "decl": { "start": { "line": 3, "column": 0 }, "end": { "line": 34, "column": 1 } },
        "loc": { "start": { "line": 3, "column": 0 }, "end": { "line": 34, "column": 1 } },
        "line": 3
      },
      "1": {
        "name": "handleSubmit",
        "decl": { "start": { "line": 7, "column": 23 }, "end": { "line": 10, "column": 4 } },
        "loc": { "start": { "line": 7, "column": 23 }, "end": { "line": 10, "column": 4 } },
        "line": 7
      },
      "2": {
        "name": "handleChange",
        "decl": { "start": { "line": 12, "column": 23 }, "end": { "line": 16, "column": 4 } },
        "loc": { "start": { "line": 12, "column": 23 }, "end": { "line": 16, "column": 4 } },
        "line": 12
      }
    },
    "f": { "0": 6, "1": 1, "2": 2 }
  },
  "E:\\RS-School-2022-2023\\React\\react-01\\react-components\\src\\components\\userCard\\userCard.tsx": {
    "path": "E:\\RS-School-2022-2023\\React\\react-01\\react-components\\src\\components\\userCard\\userCard.tsx",
    "all": false,
    "statementMap": {
      "0": { "start": { "line": 1, "column": 0 }, "end": { "line": 1, "column": 51 } },
      "1": { "start": { "line": 2, "column": 0 }, "end": { "line": 2, "column": 0 } },
      "2": { "start": { "line": 3, "column": 0 }, "end": { "line": 3, "column": 57 } },
      "3": { "start": { "line": 4, "column": 0 }, "end": { "line": 4, "column": 88 } },
      "4": { "start": { "line": 5, "column": 0 }, "end": { "line": 5, "column": 0 } },
      "5": { "start": { "line": 6, "column": 0 }, "end": { "line": 6, "column": 10 } },
      "6": { "start": { "line": 7, "column": 0 }, "end": { "line": 7, "column": 6 } },
      "7": { "start": { "line": 8, "column": 0 }, "end": { "line": 8, "column": 69 } },
      "8": { "start": { "line": 9, "column": 0 }, "end": { "line": 9, "column": 55 } },
      "9": { "start": { "line": 10, "column": 0 }, "end": { "line": 10, "column": 53 } },
      "10": { "start": { "line": 11, "column": 0 }, "end": { "line": 11, "column": 14 } },
      "11": { "start": { "line": 12, "column": 0 }, "end": { "line": 12, "column": 11 } },
      "12": { "start": { "line": 13, "column": 0 }, "end": { "line": 13, "column": 80 } },
      "13": { "start": { "line": 14, "column": 0 }, "end": { "line": 14, "column": 12 } },
      "14": { "start": { "line": 15, "column": 0 }, "end": { "line": 15, "column": 14 } },
      "15": { "start": { "line": 16, "column": 0 }, "end": { "line": 16, "column": 11 } },
      "16": { "start": { "line": 17, "column": 0 }, "end": { "line": 17, "column": 69 } },
      "17": { "start": { "line": 18, "column": 0 }, "end": { "line": 18, "column": 12 } },
      "18": { "start": { "line": 19, "column": 0 }, "end": { "line": 19, "column": 14 } },
      "19": { "start": { "line": 20, "column": 0 }, "end": { "line": 20, "column": 11 } },
      "20": { "start": { "line": 21, "column": 0 }, "end": { "line": 21, "column": 22 } },
      "21": { "start": { "line": 22, "column": 0 }, "end": { "line": 22, "column": 56 } },
      "22": { "start": { "line": 23, "column": 0 }, "end": { "line": 23, "column": 54 } },
      "23": { "start": { "line": 24, "column": 0 }, "end": { "line": 24, "column": 25 } },
      "24": { "start": { "line": 25, "column": 0 }, "end": { "line": 25, "column": 19 } },
      "25": { "start": { "line": 26, "column": 0 }, "end": { "line": 26, "column": 13 } },
      "26": { "start": { "line": 27, "column": 0 }, "end": { "line": 27, "column": 12 } },
      "27": { "start": { "line": 28, "column": 0 }, "end": { "line": 28, "column": 14 } },
      "28": { "start": { "line": 29, "column": 0 }, "end": { "line": 29, "column": 11 } },
      "29": { "start": { "line": 30, "column": 0 }, "end": { "line": 30, "column": 69 } },
      "30": { "start": { "line": 31, "column": 0 }, "end": { "line": 31, "column": 12 } },
      "31": { "start": { "line": 32, "column": 0 }, "end": { "line": 32, "column": 12 } },
      "32": { "start": { "line": 33, "column": 0 }, "end": { "line": 33, "column": 7 } },
      "33": { "start": { "line": 34, "column": 0 }, "end": { "line": 34, "column": 4 } },
      "34": { "start": { "line": 35, "column": 0 }, "end": { "line": 35, "column": 1 } }
    },
    "s": {
      "0": 1,
      "1": 1,
      "2": 2,
      "3": 2,
      "4": 2,
      "5": 2,
      "6": 2,
      "7": 2,
      "8": 2,
      "9": 2,
      "10": 2,
      "11": 2,
      "12": 2,
      "13": 2,
      "14": 2,
      "15": 2,
      "16": 2,
      "17": 2,
      "18": 2,
      "19": 2,
      "20": 2,
      "21": 2,
      "22": 4,
      "23": 4,
      "24": 4,
      "25": 2,
      "26": 2,
      "27": 2,
      "28": 2,
      "29": 2,
      "30": 2,
      "31": 2,
      "32": 2,
      "33": 2,
      "34": 2
    },
    "branchMap": {
      "0": {
        "type": "branch",
        "line": 3,
        "loc": { "start": { "line": 3, "column": 0 }, "end": { "line": 35, "column": 1 } },
        "locations": [{ "start": { "line": 3, "column": 0 }, "end": { "line": 35, "column": 1 } }]
      },
      "1": {
        "type": "branch",
        "line": 22,
        "loc": { "start": { "line": 22, "column": 22 }, "end": { "line": 25, "column": 19 } },
        "locations": [
          { "start": { "line": 22, "column": 22 }, "end": { "line": 25, "column": 19 } }
        ]
      }
    },
    "b": { "0": [2], "1": [4] },
    "fnMap": {
      "0": {
        "name": "UserCard",
        "decl": { "start": { "line": 3, "column": 0 }, "end": { "line": 35, "column": 1 } },
        "loc": { "start": { "line": 3, "column": 0 }, "end": { "line": 35, "column": 1 } },
        "line": 3
      }
    },
    "f": { "0": 2 }
  },
  "E:\\RS-School-2022-2023\\React\\react-01\\react-components\\src\\routes\\forms.tsx": {
    "path": "E:\\RS-School-2022-2023\\React\\react-01\\react-components\\src\\routes\\forms.tsx",
    "all": false,
    "statementMap": {
      "0": { "start": { "line": 1, "column": 0 }, "end": { "line": 1, "column": 58 } },
      "1": { "start": { "line": 2, "column": 0 }, "end": { "line": 2, "column": 57 } },
      "2": { "start": { "line": 3, "column": 0 }, "end": { "line": 3, "column": 30 } },
      "3": { "start": { "line": 4, "column": 0 }, "end": { "line": 4, "column": 51 } },
      "4": { "start": { "line": 5, "column": 0 }, "end": { "line": 5, "column": 55 } },
      "5": { "start": { "line": 6, "column": 0 }, "end": { "line": 6, "column": 0 } },
      "6": { "start": { "line": 7, "column": 0 }, "end": { "line": 7, "column": 33 } },
      "7": { "start": { "line": 8, "column": 0 }, "end": { "line": 8, "column": 9 } },
      "8": { "start": { "line": 9, "column": 0 }, "end": { "line": 9, "column": 13 } },
      "9": { "start": { "line": 10, "column": 0 }, "end": { "line": 10, "column": 17 } },
      "10": { "start": { "line": 11, "column": 0 }, "end": { "line": 11, "column": 10 } },
      "11": { "start": { "line": 12, "column": 0 }, "end": { "line": 12, "column": 35 } },
      "12": { "start": { "line": 13, "column": 0 }, "end": { "line": 13, "column": 23 } },
      "13": { "start": { "line": 14, "column": 0 }, "end": { "line": 14, "column": 21 } },
      "14": { "start": { "line": 15, "column": 0 }, "end": { "line": 15, "column": 5 } },
      "15": { "start": { "line": 16, "column": 0 }, "end": { "line": 16, "column": 0 } },
      "16": { "start": { "line": 17, "column": 0 }, "end": { "line": 17, "column": 56 } },
      "17": { "start": { "line": 18, "column": 0 }, "end": { "line": 18, "column": 48 } },
      "18": { "start": { "line": 19, "column": 0 }, "end": { "line": 19, "column": 39 } },
      "19": { "start": { "line": 20, "column": 0 }, "end": { "line": 20, "column": 33 } },
      "20": { "start": { "line": 21, "column": 0 }, "end": { "line": 21, "column": 0 } },
      "21": { "start": { "line": 22, "column": 0 }, "end": { "line": 22, "column": 19 } },
      "22": { "start": { "line": 23, "column": 0 }, "end": { "line": 23, "column": 43 } },
      "23": { "start": { "line": 24, "column": 0 }, "end": { "line": 24, "column": 5 } },
      "24": { "start": { "line": 25, "column": 0 }, "end": { "line": 25, "column": 0 } },
      "25": { "start": { "line": 26, "column": 0 }, "end": { "line": 26, "column": 56 } },
      "26": { "start": { "line": 27, "column": 0 }, "end": { "line": 27, "column": 45 } },
      "27": { "start": { "line": 28, "column": 0 }, "end": { "line": 28, "column": 38 } },
      "28": { "start": { "line": 29, "column": 0 }, "end": { "line": 29, "column": 29 } },
      "29": { "start": { "line": 30, "column": 0 }, "end": { "line": 30, "column": 31 } },
      "30": { "start": { "line": 31, "column": 0 }, "end": { "line": 31, "column": 8 } },
      "31": { "start": { "line": 32, "column": 0 }, "end": { "line": 32, "column": 30 } },
      "32": { "start": { "line": 33, "column": 0 }, "end": { "line": 33, "column": 33 } },
      "33": { "start": { "line": 34, "column": 0 }, "end": { "line": 34, "column": 7 } },
      "34": { "start": { "line": 35, "column": 0 }, "end": { "line": 35, "column": 3 } },
      "35": { "start": { "line": 36, "column": 0 }, "end": { "line": 36, "column": 0 } },
      "36": { "start": { "line": 37, "column": 0 }, "end": { "line": 37, "column": 56 } },
      "37": { "start": { "line": 38, "column": 0 }, "end": { "line": 38, "column": 9 } },
      "38": { "start": { "line": 39, "column": 0 }, "end": { "line": 39, "column": 61 } },
      "39": { "start": { "line": 40, "column": 0 }, "end": { "line": 40, "column": 29 } },
      "40": { "start": { "line": 41, "column": 0 }, "end": { "line": 41, "column": 24 } },
      "41": { "start": { "line": 42, "column": 0 }, "end": { "line": 42, "column": 19 } },
      "42": { "start": { "line": 43, "column": 0 }, "end": { "line": 43, "column": 23 } },
      "43": { "start": { "line": 44, "column": 0 }, "end": { "line": 44, "column": 5 } },
      "44": { "start": { "line": 45, "column": 0 }, "end": { "line": 45, "column": 3 } },
      "45": { "start": { "line": 46, "column": 0 }, "end": { "line": 46, "column": 0 } },
      "46": { "start": { "line": 47, "column": 0 }, "end": { "line": 47, "column": 49 } },
      "47": { "start": { "line": 48, "column": 0 }, "end": { "line": 48, "column": 70 } },
      "48": { "start": { "line": 49, "column": 0 }, "end": { "line": 49, "column": 33 } },
      "49": { "start": { "line": 50, "column": 0 }, "end": { "line": 50, "column": 41 } },
      "50": { "start": { "line": 51, "column": 0 }, "end": { "line": 51, "column": 47 } },
      "51": { "start": { "line": 52, "column": 0 }, "end": { "line": 52, "column": 41 } },
      "52": { "start": { "line": 53, "column": 0 }, "end": { "line": 53, "column": 45 } },
      "53": { "start": { "line": 54, "column": 0 }, "end": { "line": 54, "column": 45 } },
      "54": { "start": { "line": 55, "column": 0 }, "end": { "line": 55, "column": 49 } },
      "55": { "start": { "line": 56, "column": 0 }, "end": { "line": 56, "column": 24 } },
      "56": { "start": { "line": 57, "column": 0 }, "end": { "line": 57, "column": 6 } },
      "57": { "start": { "line": 58, "column": 0 }, "end": { "line": 58, "column": 0 } },
      "58": { "start": { "line": 59, "column": 0 }, "end": { "line": 59, "column": 43 } },
      "59": { "start": { "line": 60, "column": 0 }, "end": { "line": 60, "column": 24 } },
      "60": { "start": { "line": 61, "column": 0 }, "end": { "line": 61, "column": 3 } },
      "61": { "start": { "line": 62, "column": 0 }, "end": { "line": 62, "column": 0 } },
      "62": { "start": { "line": 63, "column": 0 }, "end": { "line": 63, "column": 53 } },
      "63": { "start": { "line": 64, "column": 0 }, "end": { "line": 64, "column": 38 } },
      "64": { "start": { "line": 65, "column": 0 }, "end": { "line": 65, "column": 18 } },
      "65": { "start": { "line": 66, "column": 0 }, "end": { "line": 66, "column": 37 } },
      "66": { "start": { "line": 67, "column": 0 }, "end": { "line": 67, "column": 0 } },
      "67": { "start": { "line": 68, "column": 0 }, "end": { "line": 68, "column": 18 } },
      "68": { "start": { "line": 69, "column": 0 }, "end": { "line": 69, "column": 23 } },
      "69": { "start": { "line": 70, "column": 0 }, "end": { "line": 70, "column": 27 } },
      "70": { "start": { "line": 71, "column": 0 }, "end": { "line": 71, "column": 14 } },
      "71": { "start": { "line": 72, "column": 0 }, "end": { "line": 72, "column": 5 } },
      "72": { "start": { "line": 73, "column": 0 }, "end": { "line": 73, "column": 4 } },
      "73": { "start": { "line": 74, "column": 0 }, "end": { "line": 74, "column": 0 } },
      "74": { "start": { "line": 75, "column": 0 }, "end": { "line": 75, "column": 16 } },
      "75": { "start": { "line": 76, "column": 0 }, "end": { "line": 76, "column": 85 } },
      "76": { "start": { "line": 77, "column": 0 }, "end": { "line": 77, "column": 10 } },
      "77": { "start": { "line": 78, "column": 0 }, "end": { "line": 78, "column": 71 } },
      "78": { "start": { "line": 79, "column": 0 }, "end": { "line": 79, "column": 3 } },
      "79": { "start": { "line": 80, "column": 0 }, "end": { "line": 80, "column": 0 } },
      "80": { "start": { "line": 81, "column": 0 }, "end": { "line": 81, "column": 10 } },
      "81": { "start": { "line": 82, "column": 0 }, "end": { "line": 82, "column": 6 } },
      "82": { "start": { "line": 83, "column": 0 }, "end": { "line": 83, "column": 85 } },
      "83": { "start": { "line": 84, "column": 0 }, "end": { "line": 84, "column": 14 } },
      "84": { "start": { "line": 85, "column": 0 }, "end": { "line": 85, "column": 21 } },
      "85": { "start": { "line": 86, "column": 0 }, "end": { "line": 86, "column": 32 } },
      "86": { "start": { "line": 87, "column": 0 }, "end": { "line": 87, "column": 61 } },
      "87": { "start": { "line": 88, "column": 0 }, "end": { "line": 88, "column": 63 } },
      "88": { "start": { "line": 89, "column": 0 }, "end": { "line": 89, "column": 24 } },
      "89": { "start": { "line": 90, "column": 0 }, "end": { "line": 90, "column": 23 } },
      "90": { "start": { "line": 91, "column": 0 }, "end": { "line": 91, "column": 89 } },
      "91": { "start": { "line": 92, "column": 0 }, "end": { "line": 92, "column": 14 } },
      "92": { "start": { "line": 93, "column": 0 }, "end": { "line": 93, "column": 13 } },
      "93": { "start": { "line": 94, "column": 0 }, "end": { "line": 94, "column": 28 } },
      "94": { "start": { "line": 95, "column": 0 }, "end": { "line": 95, "column": 33 } },
      "95": { "start": { "line": 96, "column": 0 }, "end": { "line": 96, "column": 10 } },
      "96": { "start": { "line": 97, "column": 0 }, "end": { "line": 97, "column": 26 } },
      "97": { "start": { "line": 98, "column": 0 }, "end": { "line": 98, "column": 42 } },
      "98": { "start": { "line": 99, "column": 0 }, "end": { "line": 99, "column": 78 } },
      "99": { "start": { "line": 100, "column": 0 }, "end": { "line": 100, "column": 17 } },
      "100": { "start": { "line": 101, "column": 0 }, "end": { "line": 101, "column": 10 } },
      "101": { "start": { "line": 102, "column": 0 }, "end": { "line": 102, "column": 0 } },
      "102": { "start": { "line": 103, "column": 0 }, "end": { "line": 103, "column": 14 } },
      "103": { "start": { "line": 104, "column": 0 }, "end": { "line": 104, "column": 21 } },
      "104": { "start": { "line": 105, "column": 0 }, "end": { "line": 105, "column": 35 } },
      "105": { "start": { "line": 106, "column": 0 }, "end": { "line": 106, "column": 61 } },
      "106": { "start": { "line": 107, "column": 0 }, "end": { "line": 107, "column": 66 } },
      "107": { "start": { "line": 108, "column": 0 }, "end": { "line": 108, "column": 24 } },
      "108": { "start": { "line": 109, "column": 0 }, "end": { "line": 109, "column": 23 } },
      "109": { "start": { "line": 110, "column": 0 }, "end": { "line": 110, "column": 92 } },
      "110": { "start": { "line": 111, "column": 0 }, "end": { "line": 111, "column": 14 } },
      "111": { "start": { "line": 112, "column": 0 }, "end": { "line": 112, "column": 13 } },
      "112": { "start": { "line": 113, "column": 0 }, "end": { "line": 113, "column": 31 } },
      "113": { "start": { "line": 114, "column": 0 }, "end": { "line": 114, "column": 36 } },
      "114": { "start": { "line": 115, "column": 0 }, "end": { "line": 115, "column": 10 } },
      "115": { "start": { "line": 116, "column": 0 }, "end": { "line": 116, "column": 29 } },
      "116": { "start": { "line": 117, "column": 0 }, "end": { "line": 117, "column": 42 } },
      "117": { "start": { "line": 118, "column": 0 }, "end": { "line": 118, "column": 84 } },
      "118": { "start": { "line": 119, "column": 0 }, "end": { "line": 119, "column": 17 } },
      "119": { "start": { "line": 120, "column": 0 }, "end": { "line": 120, "column": 10 } },
      "120": { "start": { "line": 121, "column": 0 }, "end": { "line": 121, "column": 0 } },
      "121": { "start": { "line": 122, "column": 0 }, "end": { "line": 122, "column": 14 } },
      "122": { "start": { "line": 123, "column": 0 }, "end": { "line": 123, "column": 21 } },
      "123": { "start": { "line": 124, "column": 0 }, "end": { "line": 124, "column": 32 } },
      "124": { "start": { "line": 125, "column": 0 }, "end": { "line": 125, "column": 42 } },
      "125": { "start": { "line": 126, "column": 0 }, "end": { "line": 126, "column": 13 } },
      "126": { "start": { "line": 127, "column": 0 }, "end": { "line": 127, "column": 33 } },
      "127": { "start": { "line": 128, "column": 0 }, "end": { "line": 128, "column": 10 } },
      "128": { "start": { "line": 129, "column": 0 }, "end": { "line": 129, "column": 26 } },
      "129": { "start": { "line": 130, "column": 0 }, "end": { "line": 130, "column": 94 } },
      "130": { "start": { "line": 131, "column": 0 }, "end": { "line": 131, "column": 10 } },
      "131": { "start": { "line": 132, "column": 0 }, "end": { "line": 132, "column": 0 } },
      "132": { "start": { "line": 133, "column": 0 }, "end": { "line": 133, "column": 14 } },
      "133": { "start": { "line": 134, "column": 0 }, "end": { "line": 134, "column": 34 } },
      "134": { "start": { "line": 135, "column": 0 }, "end": { "line": 135, "column": 29 } },
      "135": { "start": { "line": 136, "column": 0 }, "end": { "line": 136, "column": 17 } },
      "136": { "start": { "line": 137, "column": 0 }, "end": { "line": 137, "column": 36 } },
      "137": { "start": { "line": 138, "column": 0 }, "end": { "line": 138, "column": 58 } },
      "138": { "start": { "line": 139, "column": 0 }, "end": { "line": 139, "column": 51 } },
      "139": { "start": { "line": 140, "column": 0 }, "end": { "line": 140, "column": 15 } },
      "140": { "start": { "line": 141, "column": 0 }, "end": { "line": 141, "column": 27 } },
      "141": { "start": { "line": 142, "column": 0 }, "end": { "line": 142, "column": 37 } },
      "142": { "start": { "line": 143, "column": 0 }, "end": { "line": 143, "column": 11 } },
      "143": { "start": { "line": 144, "column": 0 }, "end": { "line": 144, "column": 73 } },
      "144": { "start": { "line": 145, "column": 0 }, "end": { "line": 145, "column": 74 } },
      "145": { "start": { "line": 146, "column": 0 }, "end": { "line": 146, "column": 80 } },
      "146": { "start": { "line": 147, "column": 0 }, "end": { "line": 147, "column": 78 } },
      "147": { "start": { "line": 148, "column": 0 }, "end": { "line": 148, "column": 80 } },
      "148": { "start": { "line": 149, "column": 0 }, "end": { "line": 149, "column": 19 } },
      "149": { "start": { "line": 150, "column": 0 }, "end": { "line": 150, "column": 16 } },
      "150": { "start": { "line": 151, "column": 0 }, "end": { "line": 151, "column": 28 } },
      "151": { "start": { "line": 152, "column": 0 }, "end": { "line": 152, "column": 42 } },
      "152": { "start": { "line": 153, "column": 0 }, "end": { "line": 153, "column": 66 } },
      "153": { "start": { "line": 154, "column": 0 }, "end": { "line": 154, "column": 17 } },
      "154": { "start": { "line": 155, "column": 0 }, "end": { "line": 155, "column": 10 } },
      "155": { "start": { "line": 156, "column": 0 }, "end": { "line": 156, "column": 0 } },
      "156": { "start": { "line": 157, "column": 0 }, "end": { "line": 157, "column": 14 } },
      "157": { "start": { "line": 158, "column": 0 }, "end": { "line": 158, "column": 41 } },
      "158": { "start": { "line": 159, "column": 0 }, "end": { "line": 159, "column": 28 } },
      "159": { "start": { "line": 160, "column": 0 }, "end": { "line": 160, "column": 17 } },
      "160": { "start": { "line": 161, "column": 0 }, "end": { "line": 161, "column": 27 } },
      "161": { "start": { "line": 162, "column": 0 }, "end": { "line": 162, "column": 18 } },
      "162": { "start": { "line": 163, "column": 0 }, "end": { "line": 163, "column": 29 } },
      "163": { "start": { "line": 164, "column": 0 }, "end": { "line": 164, "column": 39 } },
      "164": { "start": { "line": 165, "column": 0 }, "end": { "line": 165, "column": 38 } },
      "165": { "start": { "line": 166, "column": 0 }, "end": { "line": 166, "column": 48 } },
      "166": { "start": { "line": 167, "column": 0 }, "end": { "line": 167, "column": 17 } },
      "167": { "start": { "line": 168, "column": 0 }, "end": { "line": 168, "column": 29 } },
      "168": { "start": { "line": 169, "column": 0 }, "end": { "line": 169, "column": 39 } },
      "169": { "start": { "line": 170, "column": 0 }, "end": { "line": 170, "column": 14 } },
      "170": { "start": { "line": 171, "column": 0 }, "end": { "line": 171, "column": 18 } },
      "171": { "start": { "line": 172, "column": 0 }, "end": { "line": 172, "column": 17 } },
      "172": { "start": { "line": 173, "column": 0 }, "end": { "line": 173, "column": 25 } },
      "173": { "start": { "line": 174, "column": 0 }, "end": { "line": 174, "column": 75 } },
      "174": { "start": { "line": 175, "column": 0 }, "end": { "line": 175, "column": 18 } },
      "175": { "start": { "line": 176, "column": 0 }, "end": { "line": 176, "column": 17 } },
      "176": { "start": { "line": 177, "column": 0 }, "end": { "line": 177, "column": 26 } },
      "177": { "start": { "line": 178, "column": 0 }, "end": { "line": 178, "column": 76 } },
      "178": { "start": { "line": 179, "column": 0 }, "end": { "line": 179, "column": 18 } },
      "179": { "start": { "line": 180, "column": 0 }, "end": { "line": 180, "column": 17 } },
      "180": { "start": { "line": 181, "column": 0 }, "end": { "line": 181, "column": 24 } },
      "181": { "start": { "line": 182, "column": 0 }, "end": { "line": 182, "column": 74 } },
      "182": { "start": { "line": 183, "column": 0 }, "end": { "line": 183, "column": 18 } },
      "183": { "start": { "line": 184, "column": 0 }, "end": { "line": 184, "column": 17 } },
      "184": { "start": { "line": 185, "column": 0 }, "end": { "line": 185, "column": 27 } },
      "185": { "start": { "line": 186, "column": 0 }, "end": { "line": 186, "column": 77 } },
      "186": { "start": { "line": 187, "column": 0 }, "end": { "line": 187, "column": 18 } },
      "187": { "start": { "line": 188, "column": 0 }, "end": { "line": 188, "column": 14 } },
      "188": { "start": { "line": 189, "column": 0 }, "end": { "line": 189, "column": 28 } },
      "189": { "start": { "line": 190, "column": 0 }, "end": { "line": 190, "column": 98 } },
      "190": { "start": { "line": 191, "column": 0 }, "end": { "line": 191, "column": 10 } },
      "191": { "start": { "line": 192, "column": 0 }, "end": { "line": 192, "column": 0 } },
      "192": { "start": { "line": 193, "column": 0 }, "end": { "line": 193, "column": 14 } },
      "193": { "start": { "line": 194, "column": 0 }, "end": { "line": 194, "column": 42 } },
      "194": { "start": { "line": 195, "column": 0 }, "end": { "line": 195, "column": 31 } },
      "195": { "start": { "line": 196, "column": 0 }, "end": { "line": 196, "column": 17 } },
      "196": { "start": { "line": 197, "column": 0 }, "end": { "line": 197, "column": 18 } },
      "197": { "start": { "line": 198, "column": 0 }, "end": { "line": 198, "column": 26 } },
      "198": { "start": { "line": 199, "column": 0 }, "end": { "line": 199, "column": 40 } },
      "199": { "start": { "line": 200, "column": 0 }, "end": { "line": 200, "column": 51 } },
      "200": { "start": { "line": 201, "column": 0 }, "end": { "line": 201, "column": 17 } },
      "201": { "start": { "line": 202, "column": 0 }, "end": { "line": 202, "column": 30 } },
      "202": { "start": { "line": 203, "column": 0 }, "end": { "line": 203, "column": 41 } },
      "203": { "start": { "line": 204, "column": 0 }, "end": { "line": 204, "column": 14 } },
      "204": { "start": { "line": 205, "column": 0 }, "end": { "line": 205, "column": 20 } },
      "205": { "start": { "line": 206, "column": 0 }, "end": { "line": 206, "column": 18 } },
      "206": { "start": { "line": 207, "column": 0 }, "end": { "line": 207, "column": 17 } },
      "207": { "start": { "line": 208, "column": 0 }, "end": { "line": 208, "column": 18 } },
      "208": { "start": { "line": 209, "column": 0 }, "end": { "line": 209, "column": 26 } },
      "209": { "start": { "line": 210, "column": 0 }, "end": { "line": 210, "column": 40 } },
      "210": { "start": { "line": 211, "column": 0 }, "end": { "line": 211, "column": 51 } },
      "211": { "start": { "line": 212, "column": 0 }, "end": { "line": 212, "column": 17 } },
      "212": { "start": { "line": 213, "column": 0 }, "end": { "line": 213, "column": 30 } },
      "213": { "start": { "line": 214, "column": 0 }, "end": { "line": 214, "column": 14 } },
      "214": { "start": { "line": 215, "column": 0 }, "end": { "line": 215, "column": 20 } },
      "215": { "start": { "line": 216, "column": 0 }, "end": { "line": 216, "column": 18 } },
      "216": { "start": { "line": 217, "column": 0 }, "end": { "line": 217, "column": 14 } },
      "217": { "start": { "line": 218, "column": 0 }, "end": { "line": 218, "column": 30 } },
      "218": { "start": { "line": 219, "column": 0 }, "end": { "line": 219, "column": 42 } },
      "219": { "start": { "line": 220, "column": 0 }, "end": { "line": 220, "column": 66 } },
      "220": { "start": { "line": 221, "column": 0 }, "end": { "line": 221, "column": 17 } },
      "221": { "start": { "line": 222, "column": 0 }, "end": { "line": 222, "column": 10 } },
      "222": { "start": { "line": 223, "column": 0 }, "end": { "line": 223, "column": 0 } },
      "223": { "start": { "line": 224, "column": 0 }, "end": { "line": 224, "column": 14 } },
      "224": { "start": { "line": 225, "column": 0 }, "end": { "line": 225, "column": 15 } },
      "225": { "start": { "line": 226, "column": 0 }, "end": { "line": 226, "column": 35 } },
      "226": { "start": { "line": 227, "column": 0 }, "end": { "line": 227, "column": 16 } },
      "227": { "start": { "line": 228, "column": 0 }, "end": { "line": 228, "column": 23 } },
      "228": { "start": { "line": 229, "column": 0 }, "end": { "line": 229, "column": 34 } },
      "229": { "start": { "line": 230, "column": 0 }, "end": { "line": 230, "column": 45 } },
      "230": { "start": { "line": 231, "column": 0 }, "end": { "line": 231, "column": 15 } },
      "231": { "start": { "line": 232, "column": 0 }, "end": { "line": 232, "column": 28 } },
      "232": { "start": { "line": 233, "column": 0 }, "end": { "line": 233, "column": 35 } },
      "233": { "start": { "line": 234, "column": 0 }, "end": { "line": 234, "column": 12 } },
      "234": { "start": { "line": 235, "column": 0 }, "end": { "line": 235, "column": 16 } },
      "235": { "start": { "line": 236, "column": 0 }, "end": { "line": 236, "column": 26 } },
      "236": { "start": { "line": 237, "column": 0 }, "end": { "line": 237, "column": 95 } },
      "237": { "start": { "line": 238, "column": 0 }, "end": { "line": 238, "column": 10 } },
      "238": { "start": { "line": 239, "column": 0 }, "end": { "line": 239, "column": 0 } },
      "239": { "start": { "line": 240, "column": 0 }, "end": { "line": 240, "column": 14 } },
      "240": { "start": { "line": 241, "column": 0 }, "end": { "line": 241, "column": 43 } },
      "241": { "start": { "line": 242, "column": 0 }, "end": { "line": 242, "column": 13 } },
      "242": { "start": { "line": 243, "column": 0 }, "end": { "line": 243, "column": 0 } },
      "243": { "start": { "line": 244, "column": 0 }, "end": { "line": 244, "column": 20 } },
      "244": { "start": { "line": 245, "column": 0 }, "end": { "line": 245, "column": 0 } },
      "245": { "start": { "line": 246, "column": 0 }, "end": { "line": 246, "column": 34 } },
      "246": { "start": { "line": 247, "column": 0 }, "end": { "line": 247, "column": 56 } },
      "247": { "start": { "line": 248, "column": 0 }, "end": { "line": 248, "column": 54 } },
      "248": { "start": { "line": 249, "column": 0 }, "end": { "line": 249, "column": 11 } },
      "249": { "start": { "line": 250, "column": 0 }, "end": { "line": 250, "column": 12 } },
      "250": { "start": { "line": 251, "column": 0 }, "end": { "line": 251, "column": 7 } },
      "251": { "start": { "line": 252, "column": 0 }, "end": { "line": 252, "column": 4 } },
      "252": { "start": { "line": 253, "column": 0 }, "end": { "line": 253, "column": 1 } }
    },
    "s": {
      "0": 1,
      "1": 1,
      "2": 1,
      "3": 1,
      "4": 1,
      "5": 1,
      "6": 9,
      "7": 9,
      "8": 9,
      "9": 9,
      "10": 9,
      "11": 9,
      "12": 9,
      "13": 9,
      "14": 9,
      "15": 9,
      "16": 9,
      "17": 9,
      "18": 9,
      "19": 9,
      "20": 9,
      "21": 9,
      "22": 9,
      "23": 9,
      "24": 9,
      "25": 9,
      "26": 1,
      "27": 1,
      "28": 1,
      "29": 0,
      "30": 0,
      "31": 1,
      "32": 1,
      "33": 1,
      "34": 1,
      "35": 9,
      "36": 9,
      "37": 1,
      "38": 1,
      "39": 0,
      "40": 0,
      "41": 0,
      "42": 0,
      "43": 0,
      "44": 1,
      "45": 9,
      "46": 9,
      "47": 0,
      "48": 0,
      "49": 0,
      "50": 0,
      "51": 0,
      "52": 0,
      "53": 0,
      "54": 0,
      "55": 0,
      "56": 0,
      "57": 0,
      "58": 0,
      "59": 0,
      "60": 0,
      "61": 9,
      "62": 9,
      "63": 1,
      "64": 1,
      "65": 1,
      "66": 1,
      "67": 1,
      "68": 1,
      "69": 1,
      "70": 1,
      "71": 1,
      "72": 1,
      "73": 9,
      "74": 9,
      "75": 3,
      "76": 9,
      "77": 6,
      "78": 6,
      "79": 9,
      "80": 9,
      "81": 9,
      "82": 9,
      "83": 9,
      "84": 9,
      "85": 9,
      "86": 9,
      "87": 9,
      "88": 9,
      "89": 9,
      "90": 9,
      "91": 9,
      "92": 9,
      "93": 9,
      "94": 9,
      "95": 9,
      "96": 9,
      "97": 1,
      "98": 1,
      "99": 1,
      "100": 9,
      "101": 9,
      "102": 9,
      "103": 9,
      "104": 9,
      "105": 9,
      "106": 9,
      "107": 9,
      "108": 9,
      "109": 9,
      "110": 9,
      "111": 9,
      "112": 9,
      "113": 9,
      "114": 9,
      "115": 9,
      "116": 1,
      "117": 1,
      "118": 1,
      "119": 9,
      "120": 9,
      "121": 9,
      "122": 9,
      "123": 9,
      "124": 9,
      "125": 9,
      "126": 9,
      "127": 9,
      "128": 9,
      "129": 1,
      "130": 9,
      "131": 9,
      "132": 9,
      "133": 9,
      "134": 9,
      "135": 9,
      "136": 9,
      "137": 9,
      "138": 9,
      "139": 9,
      "140": 9,
      "141": 9,
      "142": 9,
      "143": 9,
      "144": 9,
      "145": 9,
      "146": 9,
      "147": 9,
      "148": 9,
      "149": 9,
      "150": 9,
      "151": 1,
      "152": 1,
      "153": 1,
      "154": 9,
      "155": 9,
      "156": 9,
      "157": 9,
      "158": 9,
      "159": 9,
      "160": 9,
      "161": 9,
      "162": 9,
      "163": 9,
      "164": 9,
      "165": 9,
      "166": 9,
      "167": 9,
      "168": 9,
      "169": 9,
      "170": 9,
      "171": 9,
      "172": 9,
      "173": 9,
      "174": 9,
      "175": 9,
      "176": 9,
      "177": 9,
      "178": 9,
      "179": 9,
      "180": 9,
      "181": 9,
      "182": 9,
      "183": 9,
      "184": 9,
      "185": 9,
      "186": 9,
      "187": 9,
      "188": 9,
      "189": 1,
      "190": 9,
      "191": 9,
      "192": 9,
      "193": 9,
      "194": 9,
      "195": 9,
      "196": 9,
      "197": 9,
      "198": 9,
      "199": 9,
      "200": 9,
      "201": 9,
      "202": 9,
      "203": 9,
      "204": 9,
      "205": 9,
      "206": 9,
      "207": 9,
      "208": 9,
      "209": 9,
      "210": 9,
      "211": 9,
      "212": 9,
      "213": 9,
      "214": 9,
      "215": 9,
      "216": 9,
      "217": 9,
      "218": 1,
      "219": 1,
      "220": 1,
      "221": 9,
      "222": 9,
      "223": 9,
      "224": 9,
      "225": 9,
      "226": 9,
      "227": 9,
      "228": 9,
      "229": 9,
      "230": 9,
      "231": 9,
      "232": 9,
      "233": 9,
      "234": 9,
      "235": 9,
      "236": 1,
      "237": 9,
      "238": 9,
      "239": 9,
      "240": 9,
      "241": 9,
      "242": 9,
      "243": 9,
      "244": 9,
      "245": 9,
      "246": 9,
      "247": 0,
      "248": 9,
      "249": 9,
      "250": 9,
      "251": 9,
      "252": 9
    },
    "branchMap": {
      "0": {
        "type": "branch",
        "line": 7,
        "loc": { "start": { "line": 7, "column": 0 }, "end": { "line": 253, "column": 1 } },
        "locations": [{ "start": { "line": 7, "column": 0 }, "end": { "line": 253, "column": 1 } }]
      },
      "1": {
        "type": "branch",
        "line": 75,
        "loc": { "start": { "line": 75, "column": 15 }, "end": { "line": 77, "column": 9 } },
        "locations": [{ "start": { "line": 75, "column": 15 }, "end": { "line": 77, "column": 9 } }]
      },
      "2": {
        "type": "branch",
        "line": 77,
        "loc": { "start": { "line": 77, "column": 2 }, "end": { "line": 79, "column": 3 } },
        "locations": [{ "start": { "line": 77, "column": 2 }, "end": { "line": 79, "column": 3 } }]
      },
      "3": {
        "type": "branch",
        "line": 97,
        "loc": { "start": { "line": 97, "column": 17 }, "end": { "line": 100, "column": 17 } },
        "locations": [
          { "start": { "line": 97, "column": 17 }, "end": { "line": 100, "column": 17 } }
        ]
      },
      "4": {
        "type": "branch",
        "line": 99,
        "loc": { "start": { "line": 99, "column": 26 }, "end": { "line": 99, "column": 78 } },
        "locations": [
          { "start": { "line": 99, "column": 26 }, "end": { "line": 99, "column": 78 } }
        ]
      },
      "5": {
        "type": "branch",
        "line": 116,
        "loc": { "start": { "line": 116, "column": 17 }, "end": { "line": 119, "column": 17 } },
        "locations": [
          { "start": { "line": 116, "column": 17 }, "end": { "line": 119, "column": 17 } }
        ]
      },
      "6": {
        "type": "branch",
        "line": 118,
        "loc": { "start": { "line": 118, "column": 29 }, "end": { "line": 118, "column": 84 } },
        "locations": [
          { "start": { "line": 118, "column": 29 }, "end": { "line": 118, "column": 84 } }
        ]
      },
      "7": {
        "type": "branch",
        "line": 129,
        "loc": { "start": { "line": 129, "column": 17 }, "end": { "line": 130, "column": 94 } },
        "locations": [
          { "start": { "line": 129, "column": 17 }, "end": { "line": 130, "column": 94 } }
        ]
      },
      "8": {
        "type": "branch",
        "line": 130,
        "loc": { "start": { "line": 130, "column": 56 }, "end": { "line": 130, "column": 87 } },
        "locations": [
          { "start": { "line": 130, "column": 56 }, "end": { "line": 130, "column": 87 } }
        ]
      },
      "9": {
        "type": "branch",
        "line": 151,
        "loc": { "start": { "line": 151, "column": 17 }, "end": { "line": 154, "column": 17 } },
        "locations": [
          { "start": { "line": 151, "column": 17 }, "end": { "line": 154, "column": 17 } }
        ]
      },
      "10": {
        "type": "branch",
        "line": 189,
        "loc": { "start": { "line": 189, "column": 17 }, "end": { "line": 190, "column": 98 } },
        "locations": [
          { "start": { "line": 189, "column": 17 }, "end": { "line": 190, "column": 98 } }
        ]
      },
      "11": {
        "type": "branch",
        "line": 190,
        "loc": { "start": { "line": 190, "column": 58 }, "end": { "line": 190, "column": 91 } },
        "locations": [
          { "start": { "line": 190, "column": 58 }, "end": { "line": 190, "column": 91 } }
        ]
      },
      "12": {
        "type": "branch",
        "line": 218,
        "loc": { "start": { "line": 218, "column": 17 }, "end": { "line": 221, "column": 17 } },
        "locations": [
          { "start": { "line": 218, "column": 17 }, "end": { "line": 221, "column": 17 } }
        ]
      },
      "13": {
        "type": "branch",
        "line": 220,
        "loc": { "start": { "line": 220, "column": 30 }, "end": { "line": 220, "column": 66 } },
        "locations": [
          { "start": { "line": 220, "column": 30 }, "end": { "line": 220, "column": 66 } }
        ]
      },
      "14": {
        "type": "branch",
        "line": 236,
        "loc": { "start": { "line": 236, "column": 17 }, "end": { "line": 237, "column": 95 } },
        "locations": [
          { "start": { "line": 236, "column": 17 }, "end": { "line": 237, "column": 95 } }
        ]
      },
      "15": {
        "type": "branch",
        "line": 237,
        "loc": { "start": { "line": 237, "column": 56 }, "end": { "line": 237, "column": 88 } },
        "locations": [
          { "start": { "line": 237, "column": 56 }, "end": { "line": 237, "column": 88 } }
        ]
      },
      "16": {
        "type": "branch",
        "line": 22,
        "loc": { "start": { "line": 22, "column": 12 }, "end": { "line": 24, "column": 3 } },
        "locations": [{ "start": { "line": 22, "column": 12 }, "end": { "line": 24, "column": 3 } }]
      },
      "17": {
        "type": "branch",
        "line": 26,
        "loc": { "start": { "line": 26, "column": 2 }, "end": { "line": 35, "column": 3 } },
        "locations": [{ "start": { "line": 26, "column": 2 }, "end": { "line": 35, "column": 3 } }]
      },
      "18": {
        "type": "branch",
        "line": 27,
        "loc": { "start": { "line": 27, "column": 23 }, "end": { "line": 34, "column": 5 } },
        "locations": [{ "start": { "line": 27, "column": 23 }, "end": { "line": 34, "column": 5 } }]
      },
      "19": {
        "type": "branch",
        "line": 37,
        "loc": { "start": { "line": 37, "column": 2 }, "end": { "line": 45, "column": 3 } },
        "locations": [{ "start": { "line": 37, "column": 2 }, "end": { "line": 45, "column": 3 } }]
      },
      "20": {
        "type": "branch",
        "line": 39,
        "loc": { "start": { "line": 39, "column": 48 }, "end": { "line": 44, "column": 5 } },
        "locations": [{ "start": { "line": 39, "column": 48 }, "end": { "line": 44, "column": 5 } }]
      },
      "21": {
        "type": "branch",
        "line": 63,
        "loc": { "start": { "line": 63, "column": 42 }, "end": { "line": 73, "column": 4 } },
        "locations": [{ "start": { "line": 63, "column": 42 }, "end": { "line": 73, "column": 4 } }]
      },
      "22": {
        "type": "branch",
        "line": 87,
        "loc": { "start": { "line": 87, "column": 22 }, "end": { "line": 87, "column": 61 } },
        "locations": [
          { "start": { "line": 87, "column": 22 }, "end": { "line": 87, "column": 61 } }
        ]
      },
      "23": {
        "type": "branch",
        "line": 106,
        "loc": { "start": { "line": 106, "column": 22 }, "end": { "line": 106, "column": 61 } },
        "locations": [
          { "start": { "line": 106, "column": 22 }, "end": { "line": 106, "column": 61 } }
        ]
      },
      "24": {
        "type": "branch",
        "line": 138,
        "loc": { "start": { "line": 138, "column": 24 }, "end": { "line": 138, "column": 58 } },
        "locations": [
          { "start": { "line": 138, "column": 24 }, "end": { "line": 138, "column": 58 } }
        ]
      }
    },
    "b": {
      "0": [9],
      "1": [3],
      "2": [6],
      "3": [1],
      "4": [0],
      "5": [1],
      "6": [0],
      "7": [1],
      "8": [0],
      "9": [1],
      "10": [1],
      "11": [0],
      "12": [1],
      "13": [0],
      "14": [1],
      "15": [0],
      "16": [9],
      "17": [1],
      "18": [1],
      "19": [1],
      "20": [0],
      "21": [1],
      "22": [17],
      "23": [11],
      "24": [10]
    },
    "fnMap": {
      "0": {
        "name": "Forms",
        "decl": { "start": { "line": 7, "column": 0 }, "end": { "line": 253, "column": 1 } },
        "loc": { "start": { "line": 7, "column": 0 }, "end": { "line": 253, "column": 1 } },
        "line": 7
      },
      "1": {
        "name": "loadFileAsync",
        "decl": { "start": { "line": 26, "column": 2 }, "end": { "line": 35, "column": 3 } },
        "loc": { "start": { "line": 26, "column": 2 }, "end": { "line": 35, "column": 3 } },
        "line": 26
      },
      "2": {
        "name": "reader.onload",
        "decl": { "start": { "line": 29, "column": 22 }, "end": { "line": 31, "column": 8 } },
        "loc": { "start": { "line": 29, "column": 22 }, "end": { "line": 31, "column": 8 } },
        "line": 29
      },
      "3": {
        "name": "getUrlFile",
        "decl": { "start": { "line": 37, "column": 2 }, "end": { "line": 45, "column": 3 } },
        "loc": { "start": { "line": 37, "column": 2 }, "end": { "line": 45, "column": 3 } },
        "line": 37
      },
      "4": {
        "name": "fillUserInfo",
        "decl": { "start": { "line": 47, "column": 2 }, "end": { "line": 61, "column": 3 } },
        "loc": { "start": { "line": 47, "column": 2 }, "end": { "line": 61, "column": 3 } },
        "line": 47
      },
      "5": {
        "name": "onSubmit",
        "decl": { "start": { "line": 63, "column": 42 }, "end": { "line": 73, "column": 4 } },
        "loc": { "start": { "line": 63, "column": 42 }, "end": { "line": 73, "column": 4 } },
        "line": 63
      },
      "6": {
        "name": "validate",
        "decl": { "start": { "line": 87, "column": 22 }, "end": { "line": 87, "column": 61 } },
        "loc": { "start": { "line": 87, "column": 22 }, "end": { "line": 87, "column": 61 } },
        "line": 87
      },
      "7": {
        "name": "validate",
        "decl": { "start": { "line": 106, "column": 22 }, "end": { "line": 106, "column": 61 } },
        "loc": { "start": { "line": 106, "column": 22 }, "end": { "line": 106, "column": 61 } },
        "line": 106
      },
      "8": {
        "name": "validate",
        "decl": { "start": { "line": 138, "column": 24 }, "end": { "line": 138, "column": 58 } },
        "loc": { "start": { "line": 138, "column": 24 }, "end": { "line": 138, "column": 58 } },
        "line": 138
      }
    },
    "f": { "0": 9, "1": 1, "2": 0, "3": 1, "4": 0, "5": 1, "6": 17, "7": 11, "8": 10 }
  }
}
