{
  "E:\\RS-School-2022-2023\\React\\react-01\\react-components\\src\\components\\cards\\card.tsx": {
    "path": "E:\\RS-School-2022-2023\\React\\react-01\\react-components\\src\\components\\cards\\card.tsx",
    "all": false,
    "statementMap": {
      "0": { "start": { "line": 1, "column": 0 }, "end": { "line": 1, "column": 47 } },
      "1": { "start": { "line": 2, "column": 0 }, "end": { "line": 2, "column": 0 } },
      "2": { "start": { "line": 3, "column": 0 }, "end": { "line": 3, "column": 49 } },
      "3": { "start": { "line": 4, "column": 0 }, "end": { "line": 4, "column": 70 } },
      "4": { "start": { "line": 5, "column": 0 }, "end": { "line": 5, "column": 0 } },
      "5": { "start": { "line": 6, "column": 0 }, "end": { "line": 6, "column": 10 } },
      "6": { "start": { "line": 7, "column": 0 }, "end": { "line": 7, "column": 6 } },
      "7": { "start": { "line": 8, "column": 0 }, "end": { "line": 8, "column": 28 } },
      "8": { "start": { "line": 9, "column": 0 }, "end": { "line": 9, "column": 24 } },
      "9": { "start": { "line": 10, "column": 0 }, "end": { "line": 10, "column": 51 } },
      "10": { "start": { "line": 11, "column": 0 }, "end": { "line": 11, "column": 28 } },
      "11": { "start": { "line": 12, "column": 0 }, "end": { "line": 12, "column": 29 } },
      "12": { "start": { "line": 13, "column": 0 }, "end": { "line": 13, "column": 14 } },
      "13": { "start": { "line": 14, "column": 0 }, "end": { "line": 14, "column": 29 } },
      "14": { "start": { "line": 15, "column": 0 }, "end": { "line": 15, "column": 12 } },
      "15": { "start": { "line": 16, "column": 0 }, "end": { "line": 16, "column": 7 } },
      "16": { "start": { "line": 17, "column": 0 }, "end": { "line": 17, "column": 4 } },
      "17": { "start": { "line": 18, "column": 0 }, "end": { "line": 18, "column": 1 } }
    },
    "s": {
      "0": 1,
      "1": 1,
      "2": 21,
      "3": 21,
      "4": 21,
      "5": 21,
      "6": 21,
      "7": 21,
      "8": 21,
      "9": 21,
      "10": 21,
      "11": 21,
      "12": 21,
      "13": 21,
      "14": 21,
      "15": 21,
      "16": 21,
      "17": 21
    },
    "branchMap": {
      "0": {
        "type": "branch",
        "line": 3,
        "loc": { "start": { "line": 3, "column": 0 }, "end": { "line": 18, "column": 1 } },
        "locations": [{ "start": { "line": 3, "column": 0 }, "end": { "line": 18, "column": 1 } }]
      }
    },
    "b": { "0": [21] },
    "fnMap": {
      "0": {
        "name": "Card",
        "decl": { "start": { "line": 3, "column": 0 }, "end": { "line": 18, "column": 1 } },
        "loc": { "start": { "line": 3, "column": 0 }, "end": { "line": 18, "column": 1 } },
        "line": 3
      }
    },
    "f": { "0": 21 }
  },
  "E:\\RS-School-2022-2023\\React\\react-01\\react-components\\src\\components\\cards\\cards.tsx": {
    "path": "E:\\RS-School-2022-2023\\React\\react-01\\react-components\\src\\components\\cards\\cards.tsx",
    "all": false,
    "statementMap": {
      "0": { "start": { "line": 1, "column": 0 }, "end": { "line": 1, "column": 43 } },
      "1": { "start": { "line": 2, "column": 0 }, "end": { "line": 2, "column": 52 } },
      "2": { "start": { "line": 3, "column": 0 }, "end": { "line": 3, "column": 26 } },
      "3": { "start": { "line": 4, "column": 0 }, "end": { "line": 4, "column": 0 } },
      "4": { "start": { "line": 5, "column": 0 }, "end": { "line": 5, "column": 33 } },
      "5": { "start": { "line": 6, "column": 0 }, "end": { "line": 6, "column": 10 } },
      "6": { "start": { "line": 7, "column": 0 }, "end": { "line": 7, "column": 6 } },
      "7": { "start": { "line": 8, "column": 0 }, "end": { "line": 8, "column": 53 } },
      "8": { "start": { "line": 9, "column": 0 }, "end": { "line": 9, "column": 42 } },
      "9": { "start": { "line": 10, "column": 0 }, "end": { "line": 10, "column": 48 } },
      "10": { "start": { "line": 11, "column": 0 }, "end": { "line": 11, "column": 11 } },
      "11": { "start": { "line": 12, "column": 0 }, "end": { "line": 12, "column": 12 } },
      "12": { "start": { "line": 13, "column": 0 }, "end": { "line": 13, "column": 7 } },
      "13": { "start": { "line": 14, "column": 0 }, "end": { "line": 14, "column": 4 } },
      "14": { "start": { "line": 15, "column": 0 }, "end": { "line": 15, "column": 1 } }
    },
    "s": {
      "0": 1,
      "1": 1,
      "2": 1,
      "3": 1,
      "4": 1,
      "5": 1,
      "6": 1,
      "7": 1,
      "8": 1,
      "9": 20,
      "10": 1,
      "11": 1,
      "12": 1,
      "13": 1,
      "14": 1
    },
    "branchMap": {
      "0": {
        "type": "branch",
        "line": 5,
        "loc": { "start": { "line": 5, "column": 0 }, "end": { "line": 15, "column": 1 } },
        "locations": [{ "start": { "line": 5, "column": 0 }, "end": { "line": 15, "column": 1 } }]
      },
      "1": {
        "type": "branch",
        "line": 9,
        "loc": { "start": { "line": 9, "column": 23 }, "end": { "line": 10, "column": 48 } },
        "locations": [{ "start": { "line": 9, "column": 23 }, "end": { "line": 10, "column": 48 } }]
      }
    },
    "b": { "0": [1], "1": [20] },
    "fnMap": {
      "0": {
        "name": "Cards",
        "decl": { "start": { "line": 5, "column": 0 }, "end": { "line": 15, "column": 1 } },
        "loc": { "start": { "line": 5, "column": 0 }, "end": { "line": 15, "column": 1 } },
        "line": 5
      }
    },
    "f": { "0": 1 }
  },
  "E:\\RS-School-2022-2023\\React\\react-01\\react-components\\src\\components\\forms\\checkbox-access.tsx": {
    "path": "E:\\RS-School-2022-2023\\React\\react-01\\react-components\\src\\components\\forms\\checkbox-access.tsx",
    "all": false,
    "statementMap": {
      "0": { "start": { "line": 1, "column": 0 }, "end": { "line": 1, "column": 34 } },
      "1": { "start": { "line": 2, "column": 0 }, "end": { "line": 2, "column": 26 } },
      "2": { "start": { "line": 3, "column": 0 }, "end": { "line": 3, "column": 0 } },
      "3": { "start": { "line": 4, "column": 0 }, "end": { "line": 4, "column": 18 } },
      "4": { "start": { "line": 5, "column": 0 }, "end": { "line": 5, "column": 18 } },
      "5": { "start": { "line": 6, "column": 0 }, "end": { "line": 6, "column": 0 } },
      "6": { "start": { "line": 7, "column": 0 }, "end": { "line": 7, "column": 73 } },
      "7": { "start": { "line": 8, "column": 0 }, "end": { "line": 8, "column": 50 } },
      "8": { "start": { "line": 9, "column": 0 }, "end": { "line": 9, "column": 50 } },
      "9": { "start": { "line": 10, "column": 0 }, "end": { "line": 10, "column": 50 } },
      "10": { "start": { "line": 11, "column": 0 }, "end": { "line": 11, "column": 50 } },
      "11": { "start": { "line": 12, "column": 0 }, "end": { "line": 12, "column": 50 } },
      "12": { "start": { "line": 13, "column": 0 }, "end": { "line": 13, "column": 0 } },
      "13": { "start": { "line": 14, "column": 0 }, "end": { "line": 14, "column": 31 } },
      "14": { "start": { "line": 15, "column": 0 }, "end": { "line": 15, "column": 17 } },
      "15": { "start": { "line": 16, "column": 0 }, "end": { "line": 16, "column": 0 } },
      "16": { "start": { "line": 17, "column": 0 }, "end": { "line": 17, "column": 42 } },
      "17": { "start": { "line": 18, "column": 0 }, "end": { "line": 18, "column": 42 } },
      "18": { "start": { "line": 19, "column": 0 }, "end": { "line": 19, "column": 42 } },
      "19": { "start": { "line": 20, "column": 0 }, "end": { "line": 20, "column": 42 } },
      "20": { "start": { "line": 21, "column": 0 }, "end": { "line": 21, "column": 42 } },
      "21": { "start": { "line": 22, "column": 0 }, "end": { "line": 22, "column": 3 } },
      "22": { "start": { "line": 23, "column": 0 }, "end": { "line": 23, "column": 0 } },
      "23": { "start": { "line": 24, "column": 0 }, "end": { "line": 24, "column": 12 } },
      "24": { "start": { "line": 25, "column": 0 }, "end": { "line": 25, "column": 12 } },
      "25": { "start": { "line": 26, "column": 0 }, "end": { "line": 26, "column": 8 } },
      "26": { "start": { "line": 27, "column": 0 }, "end": { "line": 27, "column": 41 } },
      "27": { "start": { "line": 28, "column": 0 }, "end": { "line": 28, "column": 28 } },
      "28": { "start": { "line": 29, "column": 0 }, "end": { "line": 29, "column": 17 } },
      "29": { "start": { "line": 30, "column": 0 }, "end": { "line": 30, "column": 27 } },
      "30": { "start": { "line": 31, "column": 0 }, "end": { "line": 31, "column": 18 } },
      "31": { "start": { "line": 32, "column": 0 }, "end": { "line": 32, "column": 29 } },
      "32": { "start": { "line": 33, "column": 0 }, "end": { "line": 33, "column": 39 } },
      "33": { "start": { "line": 34, "column": 0 }, "end": { "line": 34, "column": 27 } },
      "34": { "start": { "line": 35, "column": 0 }, "end": { "line": 35, "column": 29 } },
      "35": { "start": { "line": 36, "column": 0 }, "end": { "line": 36, "column": 37 } },
      "36": { "start": { "line": 37, "column": 0 }, "end": { "line": 37, "column": 14 } },
      "37": { "start": { "line": 38, "column": 0 }, "end": { "line": 38, "column": 18 } },
      "38": { "start": { "line": 39, "column": 0 }, "end": { "line": 39, "column": 17 } },
      "39": { "start": { "line": 40, "column": 0 }, "end": { "line": 40, "column": 25 } },
      "40": { "start": { "line": 41, "column": 0 }, "end": { "line": 41, "column": 89 } },
      "41": { "start": { "line": 42, "column": 0 }, "end": { "line": 42, "column": 18 } },
      "42": { "start": { "line": 43, "column": 0 }, "end": { "line": 43, "column": 17 } },
      "43": { "start": { "line": 44, "column": 0 }, "end": { "line": 44, "column": 26 } },
      "44": { "start": { "line": 45, "column": 0 }, "end": { "line": 45, "column": 90 } },
      "45": { "start": { "line": 46, "column": 0 }, "end": { "line": 46, "column": 18 } },
      "46": { "start": { "line": 47, "column": 0 }, "end": { "line": 47, "column": 17 } },
      "47": { "start": { "line": 48, "column": 0 }, "end": { "line": 48, "column": 24 } },
      "48": { "start": { "line": 49, "column": 0 }, "end": { "line": 49, "column": 88 } },
      "49": { "start": { "line": 50, "column": 0 }, "end": { "line": 50, "column": 18 } },
      "50": { "start": { "line": 51, "column": 0 }, "end": { "line": 51, "column": 17 } },
      "51": { "start": { "line": 52, "column": 0 }, "end": { "line": 52, "column": 27 } },
      "52": { "start": { "line": 53, "column": 0 }, "end": { "line": 53, "column": 91 } },
      "53": { "start": { "line": 54, "column": 0 }, "end": { "line": 54, "column": 18 } },
      "54": { "start": { "line": 55, "column": 0 }, "end": { "line": 55, "column": 14 } },
      "55": { "start": { "line": 56, "column": 0 }, "end": { "line": 56, "column": 9 } },
      "56": { "start": { "line": 57, "column": 0 }, "end": { "line": 57, "column": 6 } },
      "57": { "start": { "line": 58, "column": 0 }, "end": { "line": 58, "column": 3 } },
      "58": { "start": { "line": 59, "column": 0 }, "end": { "line": 59, "column": 1 } }
    },
    "s": {
      "0": 1,
      "1": 1,
      "2": 1,
      "3": 1,
      "4": 1,
      "5": 1,
      "6": 6,
      "7": 6,
      "8": 6,
      "9": 6,
      "10": 6,
      "11": 6,
      "12": 6,
      "13": 6,
      "14": 6,
      "15": 6,
      "16": 6,
      "17": 6,
      "18": 6,
      "19": 6,
      "20": 6,
      "21": 6,
      "22": 6,
      "23": 6,
      "24": 7,
      "25": 7,
      "26": 7,
      "27": 7,
      "28": 7,
      "29": 7,
      "30": 7,
      "31": 7,
      "32": 7,
      "33": 7,
      "34": 7,
      "35": 7,
      "36": 7,
      "37": 7,
      "38": 7,
      "39": 7,
      "40": 7,
      "41": 7,
      "42": 7,
      "43": 7,
      "44": 7,
      "45": 7,
      "46": 7,
      "47": 7,
      "48": 7,
      "49": 7,
      "50": 7,
      "51": 7,
      "52": 7,
      "53": 7,
      "54": 7,
      "55": 7,
      "56": 7,
      "57": 7,
      "58": 6
    },
    "branchMap": {
      "0": {
        "type": "branch",
        "line": 7,
        "loc": { "start": { "line": 7, "column": 0 }, "end": { "line": 59, "column": 1 } },
        "locations": [{ "start": { "line": 7, "column": 0 }, "end": { "line": 59, "column": 1 } }]
      },
      "1": {
        "type": "branch",
        "line": 14,
        "loc": { "start": { "line": 14, "column": 2 }, "end": { "line": 22, "column": 3 } },
        "locations": [{ "start": { "line": 14, "column": 2 }, "end": { "line": 22, "column": 3 } }]
      },
      "2": {
        "type": "branch",
        "line": 24,
        "loc": { "start": { "line": 24, "column": 2 }, "end": { "line": 58, "column": 3 } },
        "locations": [{ "start": { "line": 24, "column": 2 }, "end": { "line": 58, "column": 3 } }]
      }
    },
    "b": { "0": [6], "1": [6], "2": [7] },
    "fnMap": {
      "0": {
        "name": "<instance_members_initializer>",
        "decl": { "start": { "line": 7, "column": 0 }, "end": { "line": 59, "column": 1 } },
        "loc": { "start": { "line": 7, "column": 0 }, "end": { "line": 59, "column": 1 } },
        "line": 7
      },
      "1": {
        "name": "CheckboxAccess",
        "decl": { "start": { "line": 14, "column": 2 }, "end": { "line": 22, "column": 3 } },
        "loc": { "start": { "line": 14, "column": 2 }, "end": { "line": 22, "column": 3 } },
        "line": 14
      },
      "2": {
        "name": "render",
        "decl": { "start": { "line": 24, "column": 2 }, "end": { "line": 58, "column": 3 } },
        "loc": { "start": { "line": 24, "column": 2 }, "end": { "line": 58, "column": 3 } },
        "line": 24
      }
    },
    "f": { "0": 6, "1": 6, "2": 7 }
  },
  "E:\\RS-School-2022-2023\\React\\react-01\\react-components\\src\\components\\forms\\input-date.tsx": {
    "path": "E:\\RS-School-2022-2023\\React\\react-01\\react-components\\src\\components\\forms\\input-date.tsx",
    "all": false,
    "statementMap": {
      "0": { "start": { "line": 1, "column": 0 }, "end": { "line": 1, "column": 34 } },
      "1": { "start": { "line": 2, "column": 0 }, "end": { "line": 2, "column": 26 } },
      "2": { "start": { "line": 3, "column": 0 }, "end": { "line": 3, "column": 0 } },
      "3": { "start": { "line": 4, "column": 0 }, "end": { "line": 4, "column": 18 } },
      "4": { "start": { "line": 5, "column": 0 }, "end": { "line": 5, "column": 18 } },
      "5": { "start": { "line": 6, "column": 0 }, "end": { "line": 6, "column": 0 } },
      "6": { "start": { "line": 7, "column": 0 }, "end": { "line": 7, "column": 68 } },
      "7": { "start": { "line": 8, "column": 0 }, "end": { "line": 8, "column": 47 } },
      "8": { "start": { "line": 9, "column": 0 }, "end": { "line": 9, "column": 0 } },
      "9": { "start": { "line": 10, "column": 0 }, "end": { "line": 10, "column": 31 } },
      "10": { "start": { "line": 11, "column": 0 }, "end": { "line": 11, "column": 17 } },
      "11": { "start": { "line": 12, "column": 0 }, "end": { "line": 12, "column": 39 } },
      "12": { "start": { "line": 13, "column": 0 }, "end": { "line": 13, "column": 3 } },
      "13": { "start": { "line": 14, "column": 0 }, "end": { "line": 14, "column": 0 } },
      "14": { "start": { "line": 15, "column": 0 }, "end": { "line": 15, "column": 12 } },
      "15": { "start": { "line": 16, "column": 0 }, "end": { "line": 16, "column": 54 } },
      "16": { "start": { "line": 17, "column": 0 }, "end": { "line": 17, "column": 3 } },
      "17": { "start": { "line": 18, "column": 0 }, "end": { "line": 18, "column": 1 } }
    },
    "s": {
      "0": 1,
      "1": 1,
      "2": 1,
      "3": 1,
      "4": 1,
      "5": 1,
      "6": 6,
      "7": 6,
      "8": 6,
      "9": 6,
      "10": 6,
      "11": 6,
      "12": 6,
      "13": 6,
      "14": 6,
      "15": 7,
      "16": 7,
      "17": 6
    },
    "branchMap": {
      "0": {
        "type": "branch",
        "line": 7,
        "loc": { "start": { "line": 7, "column": 0 }, "end": { "line": 18, "column": 1 } },
        "locations": [{ "start": { "line": 7, "column": 0 }, "end": { "line": 18, "column": 1 } }]
      },
      "1": {
        "type": "branch",
        "line": 10,
        "loc": { "start": { "line": 10, "column": 2 }, "end": { "line": 13, "column": 3 } },
        "locations": [{ "start": { "line": 10, "column": 2 }, "end": { "line": 13, "column": 3 } }]
      },
      "2": {
        "type": "branch",
        "line": 15,
        "loc": { "start": { "line": 15, "column": 2 }, "end": { "line": 17, "column": 3 } },
        "locations": [{ "start": { "line": 15, "column": 2 }, "end": { "line": 17, "column": 3 } }]
      }
    },
    "b": { "0": [6], "1": [6], "2": [7] },
    "fnMap": {
      "0": {
        "name": "<instance_members_initializer>",
        "decl": { "start": { "line": 7, "column": 0 }, "end": { "line": 18, "column": 1 } },
        "loc": { "start": { "line": 7, "column": 0 }, "end": { "line": 18, "column": 1 } },
        "line": 7
      },
      "1": {
        "name": "InputDate",
        "decl": { "start": { "line": 10, "column": 2 }, "end": { "line": 13, "column": 3 } },
        "loc": { "start": { "line": 10, "column": 2 }, "end": { "line": 13, "column": 3 } },
        "line": 10
      },
      "2": {
        "name": "render",
        "decl": { "start": { "line": 15, "column": 2 }, "end": { "line": 17, "column": 3 } },
        "loc": { "start": { "line": 15, "column": 2 }, "end": { "line": 17, "column": 3 } },
        "line": 15
      }
    },
    "f": { "0": 6, "1": 6, "2": 7 }
  },
  "E:\\RS-School-2022-2023\\React\\react-01\\react-components\\src\\components\\forms\\input-file.tsx": {
    "path": "E:\\RS-School-2022-2023\\React\\react-01\\react-components\\src\\components\\forms\\input-file.tsx",
    "all": false,
    "statementMap": {
      "0": { "start": { "line": 1, "column": 0 }, "end": { "line": 1, "column": 34 } },
      "1": { "start": { "line": 2, "column": 0 }, "end": { "line": 2, "column": 26 } },
      "2": { "start": { "line": 3, "column": 0 }, "end": { "line": 3, "column": 0 } },
      "3": { "start": { "line": 4, "column": 0 }, "end": { "line": 4, "column": 18 } },
      "4": { "start": { "line": 5, "column": 0 }, "end": { "line": 5, "column": 18 } },
      "5": { "start": { "line": 6, "column": 0 }, "end": { "line": 6, "column": 0 } },
      "6": { "start": { "line": 7, "column": 0 }, "end": { "line": 7, "column": 68 } },
      "7": { "start": { "line": 8, "column": 0 }, "end": { "line": 8, "column": 47 } },
      "8": { "start": { "line": 9, "column": 0 }, "end": { "line": 9, "column": 0 } },
      "9": { "start": { "line": 10, "column": 0 }, "end": { "line": 10, "column": 31 } },
      "10": { "start": { "line": 11, "column": 0 }, "end": { "line": 11, "column": 17 } },
      "11": { "start": { "line": 12, "column": 0 }, "end": { "line": 12, "column": 0 } },
      "12": { "start": { "line": 13, "column": 0 }, "end": { "line": 13, "column": 39 } },
      "13": { "start": { "line": 14, "column": 0 }, "end": { "line": 14, "column": 3 } },
      "14": { "start": { "line": 15, "column": 0 }, "end": { "line": 15, "column": 0 } },
      "15": { "start": { "line": 16, "column": 0 }, "end": { "line": 16, "column": 12 } },
      "16": { "start": { "line": 17, "column": 0 }, "end": { "line": 17, "column": 12 } },
      "17": { "start": { "line": 18, "column": 0 }, "end": { "line": 18, "column": 8 } },
      "18": { "start": { "line": 19, "column": 0 }, "end": { "line": 19, "column": 15 } },
      "19": { "start": { "line": 20, "column": 0 }, "end": { "line": 20, "column": 35 } },
      "20": { "start": { "line": 21, "column": 0 }, "end": { "line": 21, "column": 69 } },
      "21": { "start": { "line": 22, "column": 0 }, "end": { "line": 22, "column": 16 } },
      "22": { "start": { "line": 23, "column": 0 }, "end": { "line": 23, "column": 9 } },
      "23": { "start": { "line": 24, "column": 0 }, "end": { "line": 24, "column": 6 } },
      "24": { "start": { "line": 25, "column": 0 }, "end": { "line": 25, "column": 3 } },
      "25": { "start": { "line": 26, "column": 0 }, "end": { "line": 26, "column": 1 } }
    },
    "s": {
      "0": 1,
      "1": 1,
      "2": 1,
      "3": 1,
      "4": 1,
      "5": 1,
      "6": 6,
      "7": 6,
      "8": 6,
      "9": 6,
      "10": 6,
      "11": 6,
      "12": 6,
      "13": 6,
      "14": 6,
      "15": 6,
      "16": 7,
      "17": 7,
      "18": 7,
      "19": 7,
      "20": 7,
      "21": 7,
      "22": 7,
      "23": 7,
      "24": 7,
      "25": 6
    },
    "branchMap": {
      "0": {
        "type": "branch",
        "line": 7,
        "loc": { "start": { "line": 7, "column": 0 }, "end": { "line": 26, "column": 1 } },
        "locations": [{ "start": { "line": 7, "column": 0 }, "end": { "line": 26, "column": 1 } }]
      },
      "1": {
        "type": "branch",
        "line": 10,
        "loc": { "start": { "line": 10, "column": 2 }, "end": { "line": 14, "column": 3 } },
        "locations": [{ "start": { "line": 10, "column": 2 }, "end": { "line": 14, "column": 3 } }]
      },
      "2": {
        "type": "branch",
        "line": 16,
        "loc": { "start": { "line": 16, "column": 2 }, "end": { "line": 25, "column": 3 } },
        "locations": [{ "start": { "line": 16, "column": 2 }, "end": { "line": 25, "column": 3 } }]
      }
    },
    "b": { "0": [6], "1": [6], "2": [7] },
    "fnMap": {
      "0": {
        "name": "<instance_members_initializer>",
        "decl": { "start": { "line": 7, "column": 0 }, "end": { "line": 26, "column": 1 } },
        "loc": { "start": { "line": 7, "column": 0 }, "end": { "line": 26, "column": 1 } },
        "line": 7
      },
      "1": {
        "name": "InputFile",
        "decl": { "start": { "line": 10, "column": 2 }, "end": { "line": 14, "column": 3 } },
        "loc": { "start": { "line": 10, "column": 2 }, "end": { "line": 14, "column": 3 } },
        "line": 10
      },
      "2": {
        "name": "render",
        "decl": { "start": { "line": 16, "column": 2 }, "end": { "line": 25, "column": 3 } },
        "loc": { "start": { "line": 16, "column": 2 }, "end": { "line": 25, "column": 3 } },
        "line": 16
      }
    },
    "f": { "0": 6, "1": 6, "2": 7 }
  },
  "E:\\RS-School-2022-2023\\React\\react-01\\react-components\\src\\components\\forms\\input-name.tsx": {
    "path": "E:\\RS-School-2022-2023\\React\\react-01\\react-components\\src\\components\\forms\\input-name.tsx",
    "all": false,
    "statementMap": {
      "0": { "start": { "line": 1, "column": 0 }, "end": { "line": 1, "column": 34 } },
      "1": { "start": { "line": 2, "column": 0 }, "end": { "line": 2, "column": 26 } },
      "2": { "start": { "line": 3, "column": 0 }, "end": { "line": 3, "column": 0 } },
      "3": { "start": { "line": 4, "column": 0 }, "end": { "line": 4, "column": 18 } },
      "4": { "start": { "line": 5, "column": 0 }, "end": { "line": 5, "column": 18 } },
      "5": { "start": { "line": 6, "column": 0 }, "end": { "line": 6, "column": 0 } },
      "6": { "start": { "line": 7, "column": 0 }, "end": { "line": 7, "column": 68 } },
      "7": { "start": { "line": 8, "column": 0 }, "end": { "line": 8, "column": 47 } },
      "8": { "start": { "line": 9, "column": 0 }, "end": { "line": 9, "column": 0 } },
      "9": { "start": { "line": 10, "column": 0 }, "end": { "line": 10, "column": 31 } },
      "10": { "start": { "line": 11, "column": 0 }, "end": { "line": 11, "column": 17 } },
      "11": { "start": { "line": 12, "column": 0 }, "end": { "line": 12, "column": 39 } },
      "12": { "start": { "line": 13, "column": 0 }, "end": { "line": 13, "column": 3 } },
      "13": { "start": { "line": 14, "column": 0 }, "end": { "line": 14, "column": 0 } },
      "14": { "start": { "line": 15, "column": 0 }, "end": { "line": 15, "column": 12 } },
      "15": { "start": { "line": 16, "column": 0 }, "end": { "line": 16, "column": 85 } },
      "16": { "start": { "line": 17, "column": 0 }, "end": { "line": 17, "column": 3 } },
      "17": { "start": { "line": 18, "column": 0 }, "end": { "line": 18, "column": 1 } }
    },
    "s": {
      "0": 1,
      "1": 1,
      "2": 1,
      "3": 1,
      "4": 1,
      "5": 1,
      "6": 6,
      "7": 6,
      "8": 6,
      "9": 6,
      "10": 6,
      "11": 6,
      "12": 6,
      "13": 6,
      "14": 6,
      "15": 7,
      "16": 7,
      "17": 6
    },
    "branchMap": {
      "0": {
        "type": "branch",
        "line": 7,
        "loc": { "start": { "line": 7, "column": 0 }, "end": { "line": 18, "column": 1 } },
        "locations": [{ "start": { "line": 7, "column": 0 }, "end": { "line": 18, "column": 1 } }]
      },
      "1": {
        "type": "branch",
        "line": 10,
        "loc": { "start": { "line": 10, "column": 2 }, "end": { "line": 13, "column": 3 } },
        "locations": [{ "start": { "line": 10, "column": 2 }, "end": { "line": 13, "column": 3 } }]
      },
      "2": {
        "type": "branch",
        "line": 15,
        "loc": { "start": { "line": 15, "column": 2 }, "end": { "line": 17, "column": 3 } },
        "locations": [{ "start": { "line": 15, "column": 2 }, "end": { "line": 17, "column": 3 } }]
      }
    },
    "b": { "0": [6], "1": [6], "2": [7] },
    "fnMap": {
      "0": {
        "name": "<instance_members_initializer>",
        "decl": { "start": { "line": 7, "column": 0 }, "end": { "line": 18, "column": 1 } },
        "loc": { "start": { "line": 7, "column": 0 }, "end": { "line": 18, "column": 1 } },
        "line": 7
      },
      "1": {
        "name": "InputName",
        "decl": { "start": { "line": 10, "column": 2 }, "end": { "line": 13, "column": 3 } },
        "loc": { "start": { "line": 10, "column": 2 }, "end": { "line": 13, "column": 3 } },
        "line": 10
      },
      "2": {
        "name": "render",
        "decl": { "start": { "line": 15, "column": 2 }, "end": { "line": 17, "column": 3 } },
        "loc": { "start": { "line": 15, "column": 2 }, "end": { "line": 17, "column": 3 } },
        "line": 15
      }
    },
    "f": { "0": 6, "1": 6, "2": 7 }
  },
  "E:\\RS-School-2022-2023\\React\\react-01\\react-components\\src\\components\\forms\\input-surname.tsx": {
    "path": "E:\\RS-School-2022-2023\\React\\react-01\\react-components\\src\\components\\forms\\input-surname.tsx",
    "all": false,
    "statementMap": {
      "0": { "start": { "line": 1, "column": 0 }, "end": { "line": 1, "column": 34 } },
      "1": { "start": { "line": 2, "column": 0 }, "end": { "line": 2, "column": 26 } },
      "2": { "start": { "line": 3, "column": 0 }, "end": { "line": 3, "column": 0 } },
      "3": { "start": { "line": 4, "column": 0 }, "end": { "line": 4, "column": 18 } },
      "4": { "start": { "line": 5, "column": 0 }, "end": { "line": 5, "column": 18 } },
      "5": { "start": { "line": 6, "column": 0 }, "end": { "line": 6, "column": 0 } },
      "6": { "start": { "line": 7, "column": 0 }, "end": { "line": 7, "column": 71 } },
      "7": { "start": { "line": 8, "column": 0 }, "end": { "line": 8, "column": 50 } },
      "8": { "start": { "line": 9, "column": 0 }, "end": { "line": 9, "column": 0 } },
      "9": { "start": { "line": 10, "column": 0 }, "end": { "line": 10, "column": 31 } },
      "10": { "start": { "line": 11, "column": 0 }, "end": { "line": 11, "column": 17 } },
      "11": { "start": { "line": 12, "column": 0 }, "end": { "line": 12, "column": 42 } },
      "12": { "start": { "line": 13, "column": 0 }, "end": { "line": 13, "column": 3 } },
      "13": { "start": { "line": 14, "column": 0 }, "end": { "line": 14, "column": 0 } },
      "14": { "start": { "line": 15, "column": 0 }, "end": { "line": 15, "column": 12 } },
      "15": { "start": { "line": 16, "column": 0 }, "end": { "line": 16, "column": 79 } },
      "16": { "start": { "line": 17, "column": 0 }, "end": { "line": 17, "column": 3 } },
      "17": { "start": { "line": 18, "column": 0 }, "end": { "line": 18, "column": 1 } }
    },
    "s": {
      "0": 1,
      "1": 1,
      "2": 1,
      "3": 1,
      "4": 1,
      "5": 1,
      "6": 6,
      "7": 6,
      "8": 6,
      "9": 6,
      "10": 6,
      "11": 6,
      "12": 6,
      "13": 6,
      "14": 6,
      "15": 7,
      "16": 7,
      "17": 6
    },
    "branchMap": {
      "0": {
        "type": "branch",
        "line": 7,
        "loc": { "start": { "line": 7, "column": 0 }, "end": { "line": 18, "column": 1 } },
        "locations": [{ "start": { "line": 7, "column": 0 }, "end": { "line": 18, "column": 1 } }]
      },
      "1": {
        "type": "branch",
        "line": 10,
        "loc": { "start": { "line": 10, "column": 2 }, "end": { "line": 13, "column": 3 } },
        "locations": [{ "start": { "line": 10, "column": 2 }, "end": { "line": 13, "column": 3 } }]
      },
      "2": {
        "type": "branch",
        "line": 15,
        "loc": { "start": { "line": 15, "column": 2 }, "end": { "line": 17, "column": 3 } },
        "locations": [{ "start": { "line": 15, "column": 2 }, "end": { "line": 17, "column": 3 } }]
      }
    },
    "b": { "0": [6], "1": [6], "2": [7] },
    "fnMap": {
      "0": {
        "name": "<instance_members_initializer>",
        "decl": { "start": { "line": 7, "column": 0 }, "end": { "line": 18, "column": 1 } },
        "loc": { "start": { "line": 7, "column": 0 }, "end": { "line": 18, "column": 1 } },
        "line": 7
      },
      "1": {
        "name": "InputSurname",
        "decl": { "start": { "line": 10, "column": 2 }, "end": { "line": 13, "column": 3 } },
        "loc": { "start": { "line": 10, "column": 2 }, "end": { "line": 13, "column": 3 } },
        "line": 10
      },
      "2": {
        "name": "render",
        "decl": { "start": { "line": 15, "column": 2 }, "end": { "line": 17, "column": 3 } },
        "loc": { "start": { "line": 15, "column": 2 }, "end": { "line": 17, "column": 3 } },
        "line": 15
      }
    },
    "f": { "0": 6, "1": 6, "2": 7 }
  },
  "E:\\RS-School-2022-2023\\React\\react-01\\react-components\\src\\components\\forms\\radio-typeofcrew.tsx": {
    "path": "E:\\RS-School-2022-2023\\React\\react-01\\react-components\\src\\components\\forms\\radio-typeofcrew.tsx",
    "all": false,
    "statementMap": {
      "0": { "start": { "line": 1, "column": 0 }, "end": { "line": 1, "column": 34 } },
      "1": { "start": { "line": 2, "column": 0 }, "end": { "line": 2, "column": 26 } },
      "2": { "start": { "line": 3, "column": 0 }, "end": { "line": 3, "column": 0 } },
      "3": { "start": { "line": 4, "column": 0 }, "end": { "line": 4, "column": 18 } },
      "4": { "start": { "line": 5, "column": 0 }, "end": { "line": 5, "column": 18 } },
      "5": { "start": { "line": 6, "column": 0 }, "end": { "line": 6, "column": 0 } },
      "6": { "start": { "line": 7, "column": 0 }, "end": { "line": 7, "column": 72 } },
      "7": { "start": { "line": 8, "column": 0 }, "end": { "line": 8, "column": 49 } },
      "8": { "start": { "line": 9, "column": 0 }, "end": { "line": 9, "column": 49 } },
      "9": { "start": { "line": 10, "column": 0 }, "end": { "line": 10, "column": 0 } },
      "10": { "start": { "line": 11, "column": 0 }, "end": { "line": 11, "column": 31 } },
      "11": { "start": { "line": 12, "column": 0 }, "end": { "line": 12, "column": 17 } },
      "12": { "start": { "line": 13, "column": 0 }, "end": { "line": 13, "column": 0 } },
      "13": { "start": { "line": 14, "column": 0 }, "end": { "line": 14, "column": 41 } },
      "14": { "start": { "line": 15, "column": 0 }, "end": { "line": 15, "column": 41 } },
      "15": { "start": { "line": 16, "column": 0 }, "end": { "line": 16, "column": 3 } },
      "16": { "start": { "line": 17, "column": 0 }, "end": { "line": 17, "column": 0 } },
      "17": { "start": { "line": 18, "column": 0 }, "end": { "line": 18, "column": 12 } },
      "18": { "start": { "line": 19, "column": 0 }, "end": { "line": 19, "column": 12 } },
      "19": { "start": { "line": 20, "column": 0 }, "end": { "line": 20, "column": 8 } },
      "20": { "start": { "line": 21, "column": 0 }, "end": { "line": 21, "column": 42 } },
      "21": { "start": { "line": 22, "column": 0 }, "end": { "line": 22, "column": 31 } },
      "22": { "start": { "line": 23, "column": 0 }, "end": { "line": 23, "column": 17 } },
      "23": { "start": { "line": 24, "column": 0 }, "end": { "line": 24, "column": 90 } },
      "24": { "start": { "line": 25, "column": 0 }, "end": { "line": 25, "column": 20 } },
      "25": { "start": { "line": 26, "column": 0 }, "end": { "line": 26, "column": 18 } },
      "26": { "start": { "line": 27, "column": 0 }, "end": { "line": 27, "column": 17 } },
      "27": { "start": { "line": 28, "column": 0 }, "end": { "line": 28, "column": 90 } },
      "28": { "start": { "line": 29, "column": 0 }, "end": { "line": 29, "column": 20 } },
      "29": { "start": { "line": 30, "column": 0 }, "end": { "line": 30, "column": 18 } },
      "30": { "start": { "line": 31, "column": 0 }, "end": { "line": 31, "column": 14 } },
      "31": { "start": { "line": 32, "column": 0 }, "end": { "line": 32, "column": 9 } },
      "32": { "start": { "line": 33, "column": 0 }, "end": { "line": 33, "column": 6 } },
      "33": { "start": { "line": 34, "column": 0 }, "end": { "line": 34, "column": 3 } },
      "34": { "start": { "line": 35, "column": 0 }, "end": { "line": 35, "column": 1 } }
    },
    "s": {
      "0": 1,
      "1": 1,
      "2": 1,
      "3": 1,
      "4": 1,
      "5": 1,
      "6": 6,
      "7": 6,
      "8": 6,
      "9": 6,
      "10": 6,
      "11": 6,
      "12": 6,
      "13": 6,
      "14": 6,
      "15": 6,
      "16": 6,
      "17": 6,
      "18": 7,
      "19": 7,
      "20": 7,
      "21": 7,
      "22": 7,
      "23": 7,
      "24": 7,
      "25": 7,
      "26": 7,
      "27": 7,
      "28": 7,
      "29": 7,
      "30": 7,
      "31": 7,
      "32": 7,
      "33": 7,
      "34": 6
    },
    "branchMap": {
      "0": {
        "type": "branch",
        "line": 7,
        "loc": { "start": { "line": 7, "column": 0 }, "end": { "line": 35, "column": 1 } },
        "locations": [{ "start": { "line": 7, "column": 0 }, "end": { "line": 35, "column": 1 } }]
      },
      "1": {
        "type": "branch",
        "line": 11,
        "loc": { "start": { "line": 11, "column": 2 }, "end": { "line": 16, "column": 3 } },
        "locations": [{ "start": { "line": 11, "column": 2 }, "end": { "line": 16, "column": 3 } }]
      },
      "2": {
        "type": "branch",
        "line": 18,
        "loc": { "start": { "line": 18, "column": 2 }, "end": { "line": 34, "column": 3 } },
        "locations": [{ "start": { "line": 18, "column": 2 }, "end": { "line": 34, "column": 3 } }]
      }
    },
    "b": { "0": [6], "1": [6], "2": [7] },
    "fnMap": {
      "0": {
        "name": "<instance_members_initializer>",
        "decl": { "start": { "line": 7, "column": 0 }, "end": { "line": 35, "column": 1 } },
        "loc": { "start": { "line": 7, "column": 0 }, "end": { "line": 35, "column": 1 } },
        "line": 7
      },
      "1": {
        "name": "RadioTypeCrew",
        "decl": { "start": { "line": 11, "column": 2 }, "end": { "line": 16, "column": 3 } },
        "loc": { "start": { "line": 11, "column": 2 }, "end": { "line": 16, "column": 3 } },
        "line": 11
      },
      "2": {
        "name": "render",
        "decl": { "start": { "line": 18, "column": 2 }, "end": { "line": 34, "column": 3 } },
        "loc": { "start": { "line": 18, "column": 2 }, "end": { "line": 34, "column": 3 } },
        "line": 18
      }
    },
    "f": { "0": 6, "1": 6, "2": 7 }
  },
  "E:\\RS-School-2022-2023\\React\\react-01\\react-components\\src\\components\\forms\\select-planet.tsx": {
    "path": "E:\\RS-School-2022-2023\\React\\react-01\\react-components\\src\\components\\forms\\select-planet.tsx",
    "all": false,
    "statementMap": {
      "0": { "start": { "line": 1, "column": 0 }, "end": { "line": 1, "column": 34 } },
      "1": { "start": { "line": 2, "column": 0 }, "end": { "line": 2, "column": 26 } },
      "2": { "start": { "line": 3, "column": 0 }, "end": { "line": 3, "column": 0 } },
      "3": { "start": { "line": 4, "column": 0 }, "end": { "line": 4, "column": 18 } },
      "4": { "start": { "line": 5, "column": 0 }, "end": { "line": 5, "column": 18 } },
      "5": { "start": { "line": 6, "column": 0 }, "end": { "line": 6, "column": 0 } },
      "6": { "start": { "line": 7, "column": 0 }, "end": { "line": 7, "column": 71 } },
      "7": { "start": { "line": 8, "column": 0 }, "end": { "line": 8, "column": 50 } },
      "8": { "start": { "line": 9, "column": 0 }, "end": { "line": 9, "column": 0 } },
      "9": { "start": { "line": 10, "column": 0 }, "end": { "line": 10, "column": 31 } },
      "10": { "start": { "line": 11, "column": 0 }, "end": { "line": 11, "column": 17 } },
      "11": { "start": { "line": 12, "column": 0 }, "end": { "line": 12, "column": 41 } },
      "12": { "start": { "line": 13, "column": 0 }, "end": { "line": 13, "column": 3 } },
      "13": { "start": { "line": 14, "column": 0 }, "end": { "line": 14, "column": 0 } },
      "14": { "start": { "line": 15, "column": 0 }, "end": { "line": 15, "column": 12 } },
      "15": { "start": { "line": 16, "column": 0 }, "end": { "line": 16, "column": 12 } },
      "16": { "start": { "line": 17, "column": 0 }, "end": { "line": 17, "column": 32 } },
      "17": { "start": { "line": 18, "column": 0 }, "end": { "line": 18, "column": 27 } },
      "18": { "start": { "line": 19, "column": 0 }, "end": { "line": 19, "column": 69 } },
      "19": { "start": { "line": 20, "column": 0 }, "end": { "line": 20, "column": 43 } },
      "20": { "start": { "line": 21, "column": 0 }, "end": { "line": 21, "column": 44 } },
      "21": { "start": { "line": 22, "column": 0 }, "end": { "line": 22, "column": 50 } },
      "22": { "start": { "line": 23, "column": 0 }, "end": { "line": 23, "column": 48 } },
      "23": { "start": { "line": 24, "column": 0 }, "end": { "line": 24, "column": 50 } },
      "24": { "start": { "line": 25, "column": 0 }, "end": { "line": 25, "column": 17 } },
      "25": { "start": { "line": 26, "column": 0 }, "end": { "line": 26, "column": 14 } },
      "26": { "start": { "line": 27, "column": 0 }, "end": { "line": 27, "column": 6 } },
      "27": { "start": { "line": 28, "column": 0 }, "end": { "line": 28, "column": 3 } },
      "28": { "start": { "line": 29, "column": 0 }, "end": { "line": 29, "column": 1 } }
    },
    "s": {
      "0": 1,
      "1": 1,
      "2": 1,
      "3": 1,
      "4": 1,
      "5": 1,
      "6": 6,
      "7": 6,
      "8": 6,
      "9": 6,
      "10": 6,
      "11": 6,
      "12": 6,
      "13": 6,
      "14": 6,
      "15": 7,
      "16": 7,
      "17": 7,
      "18": 7,
      "19": 7,
      "20": 7,
      "21": 7,
      "22": 7,
      "23": 7,
      "24": 7,
      "25": 7,
      "26": 7,
      "27": 7,
      "28": 6
    },
    "branchMap": {
      "0": {
        "type": "branch",
        "line": 7,
        "loc": { "start": { "line": 7, "column": 0 }, "end": { "line": 29, "column": 1 } },
        "locations": [{ "start": { "line": 7, "column": 0 }, "end": { "line": 29, "column": 1 } }]
      },
      "1": {
        "type": "branch",
        "line": 10,
        "loc": { "start": { "line": 10, "column": 2 }, "end": { "line": 13, "column": 3 } },
        "locations": [{ "start": { "line": 10, "column": 2 }, "end": { "line": 13, "column": 3 } }]
      },
      "2": {
        "type": "branch",
        "line": 15,
        "loc": { "start": { "line": 15, "column": 2 }, "end": { "line": 28, "column": 3 } },
        "locations": [{ "start": { "line": 15, "column": 2 }, "end": { "line": 28, "column": 3 } }]
      }
    },
    "b": { "0": [6], "1": [6], "2": [7] },
    "fnMap": {
      "0": {
        "name": "<instance_members_initializer>",
        "decl": { "start": { "line": 7, "column": 0 }, "end": { "line": 29, "column": 1 } },
        "loc": { "start": { "line": 7, "column": 0 }, "end": { "line": 29, "column": 1 } },
        "line": 7
      },
      "1": {
        "name": "SelectPlanet",
        "decl": { "start": { "line": 10, "column": 2 }, "end": { "line": 13, "column": 3 } },
        "loc": { "start": { "line": 10, "column": 2 }, "end": { "line": 13, "column": 3 } },
        "line": 10
      },
      "2": {
        "name": "render",
        "decl": { "start": { "line": 15, "column": 2 }, "end": { "line": 28, "column": 3 } },
        "loc": { "start": { "line": 15, "column": 2 }, "end": { "line": 28, "column": 3 } },
        "line": 15
      }
    },
    "f": { "0": 6, "1": 6, "2": 7 }
  },
  "E:\\RS-School-2022-2023\\React\\react-01\\react-components\\src\\components\\search-bar\\search-bar.tsx": {
    "path": "E:\\RS-School-2022-2023\\React\\react-01\\react-components\\src\\components\\search-bar\\search-bar.tsx",
    "all": false,
    "statementMap": {
      "0": { "start": { "line": 1, "column": 0 }, "end": { "line": 1, "column": 57 } },
      "1": { "start": { "line": 2, "column": 0 }, "end": { "line": 2, "column": 0 } },
      "2": { "start": { "line": 3, "column": 0 }, "end": { "line": 3, "column": 37 } },
      "3": { "start": { "line": 4, "column": 0 }, "end": { "line": 4, "column": 77 } },
      "4": { "start": { "line": 5, "column": 0 }, "end": { "line": 5, "column": 76 } },
      "5": { "start": { "line": 6, "column": 0 }, "end": { "line": 6, "column": 0 } },
      "6": { "start": { "line": 7, "column": 0 }, "end": { "line": 7, "column": 52 } },
      "7": { "start": { "line": 8, "column": 0 }, "end": { "line": 8, "column": 27 } },
      "8": { "start": { "line": 9, "column": 0 }, "end": { "line": 9, "column": 51 } },
      "9": { "start": { "line": 10, "column": 0 }, "end": { "line": 10, "column": 4 } },
      "10": { "start": { "line": 11, "column": 0 }, "end": { "line": 11, "column": 0 } },
      "11": { "start": { "line": 12, "column": 0 }, "end": { "line": 12, "column": 72 } },
      "12": { "start": { "line": 13, "column": 0 }, "end": { "line": 13, "column": 52 } },
      "13": { "start": { "line": 14, "column": 0 }, "end": { "line": 14, "column": 32 } },
      "14": { "start": { "line": 15, "column": 0 }, "end": { "line": 15, "column": 53 } },
      "15": { "start": { "line": 16, "column": 0 }, "end": { "line": 16, "column": 4 } },
      "16": { "start": { "line": 17, "column": 0 }, "end": { "line": 17, "column": 0 } },
      "17": { "start": { "line": 18, "column": 0 }, "end": { "line": 18, "column": 10 } },
      "18": { "start": { "line": 19, "column": 0 }, "end": { "line": 19, "column": 6 } },
      "19": { "start": { "line": 20, "column": 0 }, "end": { "line": 20, "column": 67 } },
      "20": { "start": { "line": 21, "column": 0 }, "end": { "line": 21, "column": 39 } },
      "21": { "start": { "line": 22, "column": 0 }, "end": { "line": 22, "column": 14 } },
      "22": { "start": { "line": 23, "column": 0 }, "end": { "line": 23, "column": 16 } },
      "23": { "start": { "line": 24, "column": 0 }, "end": { "line": 24, "column": 35 } },
      "24": { "start": { "line": 25, "column": 0 }, "end": { "line": 25, "column": 30 } },
      "25": { "start": { "line": 26, "column": 0 }, "end": { "line": 26, "column": 23 } },
      "26": { "start": { "line": 27, "column": 0 }, "end": { "line": 27, "column": 18 } },
      "27": { "start": { "line": 28, "column": 0 }, "end": { "line": 28, "column": 28 } },
      "28": { "start": { "line": 29, "column": 0 }, "end": { "line": 29, "column": 33 } },
      "29": { "start": { "line": 30, "column": 0 }, "end": { "line": 30, "column": 10 } },
      "30": { "start": { "line": 31, "column": 0 }, "end": { "line": 31, "column": 13 } },
      "31": { "start": { "line": 32, "column": 0 }, "end": { "line": 32, "column": 7 } },
      "32": { "start": { "line": 33, "column": 0 }, "end": { "line": 33, "column": 4 } },
      "33": { "start": { "line": 34, "column": 0 }, "end": { "line": 34, "column": 1 } }
    },
    "s": {
      "0": 1,
      "1": 1,
      "2": 4,
      "3": 4,
      "4": 4,
      "5": 4,
      "6": 4,
      "7": 0,
      "8": 0,
      "9": 0,
      "10": 4,
      "11": 4,
      "12": 1,
      "13": 1,
      "14": 1,
      "15": 1,
      "16": 4,
      "17": 4,
      "18": 4,
      "19": 4,
      "20": 4,
      "21": 4,
      "22": 4,
      "23": 4,
      "24": 4,
      "25": 4,
      "26": 4,
      "27": 4,
      "28": 4,
      "29": 4,
      "30": 4,
      "31": 4,
      "32": 4,
      "33": 4
    },
    "branchMap": {
      "0": {
        "type": "branch",
        "line": 3,
        "loc": { "start": { "line": 3, "column": 0 }, "end": { "line": 34, "column": 1 } },
        "locations": [{ "start": { "line": 3, "column": 0 }, "end": { "line": 34, "column": 1 } }]
      },
      "1": {
        "type": "branch",
        "line": 5,
        "loc": { "start": { "line": 5, "column": 47 }, "end": { "line": 5, "column": 74 } },
        "locations": [{ "start": { "line": 5, "column": 47 }, "end": { "line": 5, "column": 74 } }]
      },
      "2": {
        "type": "branch",
        "line": 12,
        "loc": { "start": { "line": 12, "column": 23 }, "end": { "line": 16, "column": 4 } },
        "locations": [{ "start": { "line": 12, "column": 23 }, "end": { "line": 16, "column": 4 } }]
      }
    },
    "b": { "0": [4], "1": [3], "2": [1] },
    "fnMap": {
      "0": {
        "name": "SearchBar",
        "decl": { "start": { "line": 3, "column": 0 }, "end": { "line": 34, "column": 1 } },
        "loc": { "start": { "line": 3, "column": 0 }, "end": { "line": 34, "column": 1 } },
        "line": 3
      },
      "1": {
        "name": "handleSubmit",
        "decl": { "start": { "line": 7, "column": 23 }, "end": { "line": 10, "column": 4 } },
        "loc": { "start": { "line": 7, "column": 23 }, "end": { "line": 10, "column": 4 } },
        "line": 7
      },
      "2": {
        "name": "handleChange",
        "decl": { "start": { "line": 12, "column": 23 }, "end": { "line": 16, "column": 4 } },
        "loc": { "start": { "line": 12, "column": 23 }, "end": { "line": 16, "column": 4 } },
        "line": 12
      }
    },
    "f": { "0": 4, "1": 0, "2": 1 }
  },
  "E:\\RS-School-2022-2023\\React\\react-01\\react-components\\src\\components\\userCard\\userCard.tsx": {
    "path": "E:\\RS-School-2022-2023\\React\\react-01\\react-components\\src\\components\\userCard\\userCard.tsx",
    "all": false,
    "statementMap": {
      "0": { "start": { "line": 1, "column": 0 }, "end": { "line": 1, "column": 34 } },
      "1": { "start": { "line": 2, "column": 0 }, "end": { "line": 2, "column": 46 } },
      "2": { "start": { "line": 3, "column": 0 }, "end": { "line": 3, "column": 0 } },
      "3": { "start": { "line": 4, "column": 0 }, "end": { "line": 4, "column": 39 } },
      "4": { "start": { "line": 5, "column": 0 }, "end": { "line": 5, "column": 18 } },
      "5": { "start": { "line": 6, "column": 0 }, "end": { "line": 6, "column": 0 } },
      "6": { "start": { "line": 7, "column": 0 }, "end": { "line": 7, "column": 67 } },
      "7": { "start": { "line": 8, "column": 0 }, "end": { "line": 8, "column": 31 } },
      "8": { "start": { "line": 9, "column": 0 }, "end": { "line": 9, "column": 17 } },
      "9": { "start": { "line": 10, "column": 0 }, "end": { "line": 10, "column": 3 } },
      "10": { "start": { "line": 11, "column": 0 }, "end": { "line": 11, "column": 0 } },
      "11": { "start": { "line": 12, "column": 0 }, "end": { "line": 12, "column": 12 } },
      "12": { "start": { "line": 13, "column": 0 }, "end": { "line": 13, "column": 91 } },
      "13": { "start": { "line": 14, "column": 0 }, "end": { "line": 14, "column": 25 } },
      "14": { "start": { "line": 15, "column": 0 }, "end": { "line": 15, "column": 0 } },
      "15": { "start": { "line": 16, "column": 0 }, "end": { "line": 16, "column": 18 } },
      "16": { "start": { "line": 17, "column": 0 }, "end": { "line": 17, "column": 39 } },
      "17": { "start": { "line": 18, "column": 0 }, "end": { "line": 18, "column": 64 } },
      "18": { "start": { "line": 19, "column": 0 }, "end": { "line": 19, "column": 5 } },
      "19": { "start": { "line": 20, "column": 0 }, "end": { "line": 20, "column": 0 } },
      "20": { "start": { "line": 21, "column": 0 }, "end": { "line": 21, "column": 12 } },
      "21": { "start": { "line": 22, "column": 0 }, "end": { "line": 22, "column": 8 } },
      "22": { "start": { "line": 23, "column": 0 }, "end": { "line": 23, "column": 71 } },
      "23": { "start": { "line": 24, "column": 0 }, "end": { "line": 24, "column": 57 } },
      "24": { "start": { "line": 25, "column": 0 }, "end": { "line": 25, "column": 21 } },
      "25": { "start": { "line": 26, "column": 0 }, "end": { "line": 26, "column": 16 } },
      "26": { "start": { "line": 27, "column": 0 }, "end": { "line": 27, "column": 13 } },
      "27": { "start": { "line": 28, "column": 0 }, "end": { "line": 28, "column": 82 } },
      "28": { "start": { "line": 29, "column": 0 }, "end": { "line": 29, "column": 14 } },
      "29": { "start": { "line": 30, "column": 0 }, "end": { "line": 30, "column": 16 } },
      "30": { "start": { "line": 31, "column": 0 }, "end": { "line": 31, "column": 13 } },
      "31": { "start": { "line": 32, "column": 0 }, "end": { "line": 32, "column": 71 } },
      "32": { "start": { "line": 33, "column": 0 }, "end": { "line": 33, "column": 14 } },
      "33": { "start": { "line": 34, "column": 0 }, "end": { "line": 34, "column": 16 } },
      "34": { "start": { "line": 35, "column": 0 }, "end": { "line": 35, "column": 13 } },
      "35": { "start": { "line": 36, "column": 0 }, "end": { "line": 36, "column": 24 } },
      "36": { "start": { "line": 37, "column": 0 }, "end": { "line": 37, "column": 58 } },
      "37": { "start": { "line": 38, "column": 0 }, "end": { "line": 38, "column": 56 } },
      "38": { "start": { "line": 39, "column": 0 }, "end": { "line": 39, "column": 27 } },
      "39": { "start": { "line": 40, "column": 0 }, "end": { "line": 40, "column": 21 } },
      "40": { "start": { "line": 41, "column": 0 }, "end": { "line": 41, "column": 15 } },
      "41": { "start": { "line": 42, "column": 0 }, "end": { "line": 42, "column": 14 } },
      "42": { "start": { "line": 43, "column": 0 }, "end": { "line": 43, "column": 16 } },
      "43": { "start": { "line": 44, "column": 0 }, "end": { "line": 44, "column": 13 } },
      "44": { "start": { "line": 45, "column": 0 }, "end": { "line": 45, "column": 74 } },
      "45": { "start": { "line": 46, "column": 0 }, "end": { "line": 46, "column": 14 } },
      "46": { "start": { "line": 47, "column": 0 }, "end": { "line": 47, "column": 14 } },
      "47": { "start": { "line": 48, "column": 0 }, "end": { "line": 48, "column": 9 } },
      "48": { "start": { "line": 49, "column": 0 }, "end": { "line": 49, "column": 6 } },
      "49": { "start": { "line": 50, "column": 0 }, "end": { "line": 50, "column": 3 } },
      "50": { "start": { "line": 51, "column": 0 }, "end": { "line": 51, "column": 1 } }
    },
    "s": {
      "0": 1,
      "1": 1,
      "2": 1,
      "3": 1,
      "4": 1,
      "5": 1,
      "6": 1,
      "7": 1,
      "8": 2,
      "9": 2,
      "10": 1,
      "11": 1,
      "12": 2,
      "13": 2,
      "14": 2,
      "15": 2,
      "16": 2,
      "17": 2,
      "18": 2,
      "19": 2,
      "20": 2,
      "21": 2,
      "22": 2,
      "23": 2,
      "24": 2,
      "25": 2,
      "26": 2,
      "27": 2,
      "28": 2,
      "29": 2,
      "30": 2,
      "31": 2,
      "32": 2,
      "33": 2,
      "34": 2,
      "35": 2,
      "36": 2,
      "37": 4,
      "38": 4,
      "39": 4,
      "40": 2,
      "41": 2,
      "42": 2,
      "43": 2,
      "44": 2,
      "45": 2,
      "46": 2,
      "47": 2,
      "48": 2,
      "49": 2,
      "50": 1
    },
    "branchMap": {
      "0": {
        "type": "branch",
        "line": 8,
        "loc": { "start": { "line": 8, "column": 2 }, "end": { "line": 10, "column": 3 } },
        "locations": [{ "start": { "line": 8, "column": 2 }, "end": { "line": 10, "column": 3 } }]
      },
      "1": {
        "type": "branch",
        "line": 12,
        "loc": { "start": { "line": 12, "column": 2 }, "end": { "line": 50, "column": 3 } },
        "locations": [{ "start": { "line": 12, "column": 2 }, "end": { "line": 50, "column": 3 } }]
      },
      "2": {
        "type": "branch",
        "line": 37,
        "loc": { "start": { "line": 37, "column": 24 }, "end": { "line": 40, "column": 21 } },
        "locations": [
          { "start": { "line": 37, "column": 24 }, "end": { "line": 40, "column": 21 } }
        ]
      }
    },
    "b": { "0": [2], "1": [2], "2": [4] },
    "fnMap": {
      "0": {
        "name": "UserCard",
        "decl": { "start": { "line": 8, "column": 2 }, "end": { "line": 10, "column": 3 } },
        "loc": { "start": { "line": 8, "column": 2 }, "end": { "line": 10, "column": 3 } },
        "line": 8
      },
      "1": {
        "name": "render",
        "decl": { "start": { "line": 12, "column": 2 }, "end": { "line": 50, "column": 3 } },
        "loc": { "start": { "line": 12, "column": 2 }, "end": { "line": 50, "column": 3 } },
        "line": 12
      }
    },
    "f": { "0": 2, "1": 2 }
  },
  "E:\\RS-School-2022-2023\\React\\react-01\\react-components\\src\\routes\\forms.tsx": {
    "path": "E:\\RS-School-2022-2023\\React\\react-01\\react-components\\src\\routes\\forms.tsx",
    "all": false,
    "statementMap": {
      "0": { "start": { "line": 1, "column": 0 }, "end": { "line": 1, "column": 59 } },
      "1": { "start": { "line": 2, "column": 0 }, "end": { "line": 2, "column": 26 } },
      "2": { "start": { "line": 3, "column": 0 }, "end": { "line": 3, "column": 55 } },
      "3": { "start": { "line": 4, "column": 0 }, "end": { "line": 4, "column": 30 } },
      "4": { "start": { "line": 5, "column": 0 }, "end": { "line": 5, "column": 43 } },
      "5": { "start": { "line": 6, "column": 0 }, "end": { "line": 6, "column": 61 } },
      "6": { "start": { "line": 7, "column": 0 }, "end": { "line": 7, "column": 55 } },
      "7": { "start": { "line": 8, "column": 0 }, "end": { "line": 8, "column": 61 } },
      "8": { "start": { "line": 9, "column": 0 }, "end": { "line": 9, "column": 65 } },
      "9": { "start": { "line": 10, "column": 0 }, "end": { "line": 10, "column": 65 } },
      "10": { "start": { "line": 11, "column": 0 }, "end": { "line": 11, "column": 55 } },
      "11": { "start": { "line": 12, "column": 0 }, "end": { "line": 12, "column": 55 } },
      "12": { "start": { "line": 13, "column": 0 }, "end": { "line": 13, "column": 58 } },
      "13": { "start": { "line": 14, "column": 0 }, "end": { "line": 14, "column": 0 } },
      "14": { "start": { "line": 15, "column": 0 }, "end": { "line": 15, "column": 18 } },
      "15": { "start": { "line": 16, "column": 0 }, "end": { "line": 16, "column": 16 } },
      "16": { "start": { "line": 17, "column": 0 }, "end": { "line": 17, "column": 21 } },
      "17": { "start": { "line": 18, "column": 0 }, "end": { "line": 18, "column": 19 } },
      "18": { "start": { "line": 19, "column": 0 }, "end": { "line": 19, "column": 19 } },
      "19": { "start": { "line": 20, "column": 0 }, "end": { "line": 20, "column": 23 } },
      "20": { "start": { "line": 21, "column": 0 }, "end": { "line": 21, "column": 26 } },
      "21": { "start": { "line": 22, "column": 0 }, "end": { "line": 22, "column": 23 } },
      "22": { "start": { "line": 23, "column": 0 }, "end": { "line": 23, "column": 30 } },
      "23": { "start": { "line": 24, "column": 0 }, "end": { "line": 24, "column": 25 } },
      "24": { "start": { "line": 25, "column": 0 }, "end": { "line": 25, "column": 27 } },
      "25": { "start": { "line": 26, "column": 0 }, "end": { "line": 26, "column": 23 } },
      "26": { "start": { "line": 27, "column": 0 }, "end": { "line": 27, "column": 2 } },
      "27": { "start": { "line": 28, "column": 0 }, "end": { "line": 28, "column": 0 } },
      "28": { "start": { "line": 29, "column": 0 }, "end": { "line": 29, "column": 64 } },
      "29": { "start": { "line": 30, "column": 0 }, "end": { "line": 30, "column": 39 } },
      "30": { "start": { "line": 31, "column": 0 }, "end": { "line": 31, "column": 45 } },
      "31": { "start": { "line": 32, "column": 0 }, "end": { "line": 32, "column": 39 } },
      "32": { "start": { "line": 33, "column": 0 }, "end": { "line": 33, "column": 44 } },
      "33": { "start": { "line": 34, "column": 0 }, "end": { "line": 34, "column": 46 } },
      "34": { "start": { "line": 35, "column": 0 }, "end": { "line": 35, "column": 47 } },
      "35": { "start": { "line": 36, "column": 0 }, "end": { "line": 36, "column": 39 } },
      "36": { "start": { "line": 37, "column": 0 }, "end": { "line": 37, "column": 0 } },
      "37": { "start": { "line": 38, "column": 0 }, "end": { "line": 38, "column": 31 } },
      "38": { "start": { "line": 39, "column": 0 }, "end": { "line": 39, "column": 17 } },
      "39": { "start": { "line": 40, "column": 0 }, "end": { "line": 40, "column": 0 } },
      "40": { "start": { "line": 41, "column": 0 }, "end": { "line": 41, "column": 38 } },
      "41": { "start": { "line": 42, "column": 0 }, "end": { "line": 42, "column": 41 } },
      "42": { "start": { "line": 43, "column": 0 }, "end": { "line": 43, "column": 38 } },
      "43": { "start": { "line": 44, "column": 0 }, "end": { "line": 44, "column": 40 } },
      "44": { "start": { "line": 45, "column": 0 }, "end": { "line": 45, "column": 40 } },
      "45": { "start": { "line": 46, "column": 0 }, "end": { "line": 46, "column": 42 } },
      "46": { "start": { "line": 47, "column": 0 }, "end": { "line": 47, "column": 38 } },
      "47": { "start": { "line": 48, "column": 0 }, "end": { "line": 48, "column": 0 } },
      "48": { "start": { "line": 49, "column": 0 }, "end": { "line": 49, "column": 18 } },
      "49": { "start": { "line": 50, "column": 0 }, "end": { "line": 50, "column": 16 } },
      "50": { "start": { "line": 51, "column": 0 }, "end": { "line": 51, "column": 21 } },
      "51": { "start": { "line": 52, "column": 0 }, "end": { "line": 52, "column": 21 } },
      "52": { "start": { "line": 53, "column": 0 }, "end": { "line": 53, "column": 25 } },
      "53": { "start": { "line": 54, "column": 0 }, "end": { "line": 54, "column": 28 } },
      "54": { "start": { "line": 55, "column": 0 }, "end": { "line": 55, "column": 25 } },
      "55": { "start": { "line": 56, "column": 0 }, "end": { "line": 56, "column": 32 } },
      "56": { "start": { "line": 57, "column": 0 }, "end": { "line": 57, "column": 27 } },
      "57": { "start": { "line": 58, "column": 0 }, "end": { "line": 58, "column": 29 } },
      "58": { "start": { "line": 59, "column": 0 }, "end": { "line": 59, "column": 25 } },
      "59": { "start": { "line": 60, "column": 0 }, "end": { "line": 60, "column": 6 } },
      "60": { "start": { "line": 61, "column": 0 }, "end": { "line": 61, "column": 3 } },
      "61": { "start": { "line": 62, "column": 0 }, "end": { "line": 62, "column": 0 } },
      "62": { "start": { "line": 63, "column": 0 }, "end": { "line": 63, "column": 47 } },
      "63": { "start": { "line": 64, "column": 0 }, "end": { "line": 64, "column": 45 } },
      "64": { "start": { "line": 65, "column": 0 }, "end": { "line": 65, "column": 38 } },
      "65": { "start": { "line": 66, "column": 0 }, "end": { "line": 66, "column": 0 } },
      "66": { "start": { "line": 67, "column": 0 }, "end": { "line": 67, "column": 29 } },
      "67": { "start": { "line": 68, "column": 0 }, "end": { "line": 68, "column": 31 } },
      "68": { "start": { "line": 69, "column": 0 }, "end": { "line": 69, "column": 8 } },
      "69": { "start": { "line": 70, "column": 0 }, "end": { "line": 70, "column": 0 } },
      "70": { "start": { "line": 71, "column": 0 }, "end": { "line": 71, "column": 30 } },
      "71": { "start": { "line": 72, "column": 0 }, "end": { "line": 72, "column": 33 } },
      "72": { "start": { "line": 73, "column": 0 }, "end": { "line": 73, "column": 7 } },
      "73": { "start": { "line": 74, "column": 0 }, "end": { "line": 74, "column": 3 } },
      "74": { "start": { "line": 75, "column": 0 }, "end": { "line": 75, "column": 0 } },
      "75": { "start": { "line": 76, "column": 0 }, "end": { "line": 76, "column": 47 } },
      "76": { "start": { "line": 77, "column": 0 }, "end": { "line": 77, "column": 9 } },
      "77": { "start": { "line": 78, "column": 0 }, "end": { "line": 78, "column": 54 } },
      "78": { "start": { "line": 79, "column": 0 }, "end": { "line": 79, "column": 42 } },
      "79": { "start": { "line": 80, "column": 0 }, "end": { "line": 80, "column": 23 } },
      "80": { "start": { "line": 81, "column": 0 }, "end": { "line": 81, "column": 40 } },
      "81": { "start": { "line": 82, "column": 0 }, "end": { "line": 82, "column": 19 } },
      "82": { "start": { "line": 83, "column": 0 }, "end": { "line": 83, "column": 23 } },
      "83": { "start": { "line": 84, "column": 0 }, "end": { "line": 84, "column": 5 } },
      "84": { "start": { "line": 85, "column": 0 }, "end": { "line": 85, "column": 3 } },
      "85": { "start": { "line": 86, "column": 0 }, "end": { "line": 86, "column": 0 } },
      "86": { "start": { "line": 87, "column": 0 }, "end": { "line": 87, "column": 30 } },
      "87": { "start": { "line": 88, "column": 0 }, "end": { "line": 88, "column": 91 } },
      "88": { "start": { "line": 89, "column": 0 }, "end": { "line": 89, "column": 91 } },
      "89": { "start": { "line": 90, "column": 0 }, "end": { "line": 90, "column": 91 } },
      "90": { "start": { "line": 91, "column": 0 }, "end": { "line": 91, "column": 91 } },
      "91": { "start": { "line": 92, "column": 0 }, "end": { "line": 92, "column": 91 } },
      "92": { "start": { "line": 93, "column": 0 }, "end": { "line": 93, "column": 26 } },
      "93": { "start": { "line": 94, "column": 0 }, "end": { "line": 94, "column": 34 } },
      "94": { "start": { "line": 95, "column": 0 }, "end": { "line": 95, "column": 34 } },
      "95": { "start": { "line": 96, "column": 0 }, "end": { "line": 96, "column": 34 } },
      "96": { "start": { "line": 97, "column": 0 }, "end": { "line": 97, "column": 34 } },
      "97": { "start": { "line": 98, "column": 0 }, "end": { "line": 98, "column": 34 } },
      "98": { "start": { "line": 99, "column": 0 }, "end": { "line": 99, "column": 6 } },
      "99": { "start": { "line": 100, "column": 0 }, "end": { "line": 100, "column": 0 } },
      "100": { "start": { "line": 101, "column": 0 }, "end": { "line": 101, "column": 51 } },
      "101": { "start": { "line": 102, "column": 0 }, "end": { "line": 102, "column": 3 } },
      "102": { "start": { "line": 103, "column": 0 }, "end": { "line": 103, "column": 0 } },
      "103": { "start": { "line": 104, "column": 0 }, "end": { "line": 104, "column": 29 } },
      "104": { "start": { "line": 105, "column": 0 }, "end": { "line": 105, "column": 94 } },
      "105": { "start": { "line": 106, "column": 0 }, "end": { "line": 106, "column": 94 } },
      "106": { "start": { "line": 107, "column": 0 }, "end": { "line": 107, "column": 88 } },
      "107": { "start": { "line": 108, "column": 0 }, "end": { "line": 108, "column": 0 } },
      "108": { "start": { "line": 109, "column": 0 }, "end": { "line": 109, "column": 47 } },
      "109": { "start": { "line": 110, "column": 0 }, "end": { "line": 110, "column": 3 } },
      "110": { "start": { "line": 111, "column": 0 }, "end": { "line": 111, "column": 0 } },
      "111": { "start": { "line": 112, "column": 0 }, "end": { "line": 112, "column": 40 } },
      "112": { "start": { "line": 113, "column": 0 }, "end": { "line": 113, "column": 57 } },
      "113": { "start": { "line": 114, "column": 0 }, "end": { "line": 114, "column": 56 } },
      "114": { "start": { "line": 115, "column": 0 }, "end": { "line": 115, "column": 0 } },
      "115": { "start": { "line": 116, "column": 0 }, "end": { "line": 116, "column": 33 } },
      "116": { "start": { "line": 117, "column": 0 }, "end": { "line": 117, "column": 60 } },
      "117": { "start": { "line": 118, "column": 0 }, "end": { "line": 118, "column": 69 } },
      "118": { "start": { "line": 119, "column": 0 }, "end": { "line": 119, "column": 60 } },
      "119": { "start": { "line": 120, "column": 0 }, "end": { "line": 120, "column": 66 } },
      "120": { "start": { "line": 121, "column": 0 }, "end": { "line": 121, "column": 27 } },
      "121": { "start": { "line": 122, "column": 0 }, "end": { "line": 122, "column": 29 } },
      "122": { "start": { "line": 123, "column": 0 }, "end": { "line": 123, "column": 24 } },
      "123": { "start": { "line": 124, "column": 0 }, "end": { "line": 124, "column": 6 } },
      "124": { "start": { "line": 125, "column": 0 }, "end": { "line": 125, "column": 0 } },
      "125": { "start": { "line": 126, "column": 0 }, "end": { "line": 126, "column": 42 } },
      "126": { "start": { "line": 127, "column": 0 }, "end": { "line": 127, "column": 50 } },
      "127": { "start": { "line": 128, "column": 0 }, "end": { "line": 128, "column": 0 } },
      "128": { "start": { "line": 129, "column": 0 }, "end": { "line": 129, "column": 40 } },
      "129": { "start": { "line": 130, "column": 0 }, "end": { "line": 130, "column": 3 } },
      "130": { "start": { "line": 131, "column": 0 }, "end": { "line": 131, "column": 0 } },
      "131": { "start": { "line": 132, "column": 0 }, "end": { "line": 132, "column": 21 } },
      "132": { "start": { "line": 133, "column": 0 }, "end": { "line": 133, "column": 83 } },
      "133": { "start": { "line": 134, "column": 0 }, "end": { "line": 134, "column": 92 } },
      "134": { "start": { "line": 135, "column": 0 }, "end": { "line": 135, "column": 83 } },
      "135": { "start": { "line": 136, "column": 0 }, "end": { "line": 136, "column": 91 } },
      "136": { "start": { "line": 137, "column": 0 }, "end": { "line": 137, "column": 94 } },
      "137": { "start": { "line": 138, "column": 0 }, "end": { "line": 138, "column": 94 } },
      "138": { "start": { "line": 139, "column": 0 }, "end": { "line": 139, "column": 94 } },
      "139": { "start": { "line": 140, "column": 0 }, "end": { "line": 140, "column": 94 } },
      "140": { "start": { "line": 141, "column": 0 }, "end": { "line": 141, "column": 94 } },
      "141": { "start": { "line": 142, "column": 0 }, "end": { "line": 142, "column": 89 } },
      "142": { "start": { "line": 143, "column": 0 }, "end": { "line": 143, "column": 89 } },
      "143": { "start": { "line": 144, "column": 0 }, "end": { "line": 144, "column": 83 } },
      "144": { "start": { "line": 145, "column": 0 }, "end": { "line": 145, "column": 0 } },
      "145": { "start": { "line": 146, "column": 0 }, "end": { "line": 146, "column": 25 } },
      "146": { "start": { "line": 147, "column": 0 }, "end": { "line": 147, "column": 28 } },
      "147": { "start": { "line": 148, "column": 0 }, "end": { "line": 148, "column": 25 } },
      "148": { "start": { "line": 149, "column": 0 }, "end": { "line": 149, "column": 28 } },
      "149": { "start": { "line": 150, "column": 0 }, "end": { "line": 150, "column": 36 } },
      "150": { "start": { "line": 151, "column": 0 }, "end": { "line": 151, "column": 36 } },
      "151": { "start": { "line": 152, "column": 0 }, "end": { "line": 152, "column": 36 } },
      "152": { "start": { "line": 153, "column": 0 }, "end": { "line": 153, "column": 36 } },
      "153": { "start": { "line": 154, "column": 0 }, "end": { "line": 154, "column": 36 } },
      "154": { "start": { "line": 155, "column": 0 }, "end": { "line": 155, "column": 30 } },
      "155": { "start": { "line": 156, "column": 0 }, "end": { "line": 156, "column": 30 } },
      "156": { "start": { "line": 157, "column": 0 }, "end": { "line": 157, "column": 25 } },
      "157": { "start": { "line": 158, "column": 0 }, "end": { "line": 158, "column": 3 } },
      "158": { "start": { "line": 159, "column": 0 }, "end": { "line": 159, "column": 0 } },
      "159": { "start": { "line": 160, "column": 0 }, "end": { "line": 160, "column": 62 } },
      "160": { "start": { "line": 161, "column": 0 }, "end": { "line": 161, "column": 16 } },
      "161": { "start": { "line": 162, "column": 0 }, "end": { "line": 162, "column": 28 } },
      "162": { "start": { "line": 163, "column": 0 }, "end": { "line": 163, "column": 12 } },
      "163": { "start": { "line": 164, "column": 0 }, "end": { "line": 164, "column": 28 } },
      "164": { "start": { "line": 165, "column": 0 }, "end": { "line": 165, "column": 5 } },
      "165": { "start": { "line": 166, "column": 0 }, "end": { "line": 166, "column": 3 } },
      "166": { "start": { "line": 167, "column": 0 }, "end": { "line": 167, "column": 0 } },
      "167": { "start": { "line": 168, "column": 0 }, "end": { "line": 168, "column": 46 } },
      "168": { "start": { "line": 169, "column": 0 }, "end": { "line": 169, "column": 27 } },
      "169": { "start": { "line": 170, "column": 0 }, "end": { "line": 170, "column": 0 } },
      "170": { "start": { "line": 171, "column": 0 }, "end": { "line": 171, "column": 83 } },
      "171": { "start": { "line": 172, "column": 0 }, "end": { "line": 172, "column": 92 } },
      "172": { "start": { "line": 173, "column": 0 }, "end": { "line": 173, "column": 83 } },
      "173": { "start": { "line": 174, "column": 0 }, "end": { "line": 174, "column": 91 } },
      "174": { "start": { "line": 175, "column": 0 }, "end": { "line": 175, "column": 83 } },
      "175": { "start": { "line": 176, "column": 0 }, "end": { "line": 176, "column": 57 } },
      "176": { "start": { "line": 177, "column": 0 }, "end": { "line": 177, "column": 56 } },
      "177": { "start": { "line": 178, "column": 0 }, "end": { "line": 178, "column": 0 } },
      "178": { "start": { "line": 179, "column": 0 }, "end": { "line": 179, "column": 62 } },
      "179": { "start": { "line": 180, "column": 0 }, "end": { "line": 180, "column": 68 } },
      "180": { "start": { "line": 181, "column": 0 }, "end": { "line": 181, "column": 0 } },
      "181": { "start": { "line": 182, "column": 0 }, "end": { "line": 182, "column": 91 } },
      "182": { "start": { "line": 183, "column": 0 }, "end": { "line": 183, "column": 100 } },
      "183": { "start": { "line": 184, "column": 0 }, "end": { "line": 184, "column": 87 } },
      "184": { "start": { "line": 185, "column": 0 }, "end": { "line": 185, "column": 22 } },
      "185": { "start": { "line": 186, "column": 0 }, "end": { "line": 186, "column": 39 } },
      "186": { "start": { "line": 187, "column": 0 }, "end": { "line": 187, "column": 35 } },
      "187": { "start": { "line": 188, "column": 0 }, "end": { "line": 188, "column": 35 } },
      "188": { "start": { "line": 189, "column": 0 }, "end": { "line": 189, "column": 6 } },
      "189": { "start": { "line": 190, "column": 0 }, "end": { "line": 190, "column": 100 } },
      "190": { "start": { "line": 191, "column": 0 }, "end": { "line": 191, "column": 22 } },
      "191": { "start": { "line": 192, "column": 0 }, "end": { "line": 192, "column": 32 } },
      "192": { "start": { "line": 193, "column": 0 }, "end": { "line": 193, "column": 32 } },
      "193": { "start": { "line": 194, "column": 0 }, "end": { "line": 194, "column": 32 } },
      "194": { "start": { "line": 195, "column": 0 }, "end": { "line": 195, "column": 6 } },
      "195": { "start": { "line": 196, "column": 0 }, "end": { "line": 196, "column": 87 } },
      "196": { "start": { "line": 197, "column": 0 }, "end": { "line": 197, "column": 0 } },
      "197": { "start": { "line": 198, "column": 0 }, "end": { "line": 198, "column": 8 } },
      "198": { "start": { "line": 199, "column": 0 }, "end": { "line": 199, "column": 29 } },
      "199": { "start": { "line": 200, "column": 0 }, "end": { "line": 200, "column": 32 } },
      "200": { "start": { "line": 201, "column": 0 }, "end": { "line": 201, "column": 25 } },
      "201": { "start": { "line": 202, "column": 0 }, "end": { "line": 202, "column": 41 } },
      "202": { "start": { "line": 203, "column": 0 }, "end": { "line": 203, "column": 34 } },
      "203": { "start": { "line": 204, "column": 0 }, "end": { "line": 204, "column": 34 } },
      "204": { "start": { "line": 205, "column": 0 }, "end": { "line": 205, "column": 22 } },
      "205": { "start": { "line": 206, "column": 0 }, "end": { "line": 206, "column": 7 } },
      "206": { "start": { "line": 207, "column": 0 }, "end": { "line": 207, "column": 21 } },
      "207": { "start": { "line": 208, "column": 0 }, "end": { "line": 208, "column": 22 } },
      "208": { "start": { "line": 209, "column": 0 }, "end": { "line": 209, "column": 9 } },
      "209": { "start": { "line": 210, "column": 0 }, "end": { "line": 210, "column": 12 } },
      "210": { "start": { "line": 211, "column": 0 }, "end": { "line": 211, "column": 21 } },
      "211": { "start": { "line": 212, "column": 0 }, "end": { "line": 212, "column": 22 } },
      "212": { "start": { "line": 213, "column": 0 }, "end": { "line": 213, "column": 23 } },
      "213": { "start": { "line": 214, "column": 0 }, "end": { "line": 214, "column": 9 } },
      "214": { "start": { "line": 215, "column": 0 }, "end": { "line": 215, "column": 0 } },
      "215": { "start": { "line": 216, "column": 0 }, "end": { "line": 216, "column": 60 } },
      "216": { "start": { "line": 217, "column": 0 }, "end": { "line": 217, "column": 72 } },
      "217": { "start": { "line": 218, "column": 0 }, "end": { "line": 218, "column": 30 } },
      "218": { "start": { "line": 219, "column": 0 }, "end": { "line": 219, "column": 7 } },
      "219": { "start": { "line": 220, "column": 0 }, "end": { "line": 220, "column": 5 } },
      "220": { "start": { "line": 221, "column": 0 }, "end": { "line": 221, "column": 4 } },
      "221": { "start": { "line": 222, "column": 0 }, "end": { "line": 222, "column": 0 } },
      "222": { "start": { "line": 223, "column": 0 }, "end": { "line": 223, "column": 12 } },
      "223": { "start": { "line": 224, "column": 0 }, "end": { "line": 224, "column": 35 } },
      "224": { "start": { "line": 225, "column": 0 }, "end": { "line": 225, "column": 44 } },
      "225": { "start": { "line": 226, "column": 0 }, "end": { "line": 226, "column": 47 } },
      "226": { "start": { "line": 227, "column": 0 }, "end": { "line": 227, "column": 44 } },
      "227": { "start": { "line": 228, "column": 0 }, "end": { "line": 228, "column": 51 } },
      "228": { "start": { "line": 229, "column": 0 }, "end": { "line": 229, "column": 46 } },
      "229": { "start": { "line": 230, "column": 0 }, "end": { "line": 230, "column": 48 } },
      "230": { "start": { "line": 231, "column": 0 }, "end": { "line": 231, "column": 44 } },
      "231": { "start": { "line": 232, "column": 0 }, "end": { "line": 232, "column": 0 } },
      "232": { "start": { "line": 233, "column": 0 }, "end": { "line": 233, "column": 29 } },
      "233": { "start": { "line": 234, "column": 0 }, "end": { "line": 234, "column": 87 } },
      "234": { "start": { "line": 235, "column": 0 }, "end": { "line": 235, "column": 12 } },
      "235": { "start": { "line": 236, "column": 0 }, "end": { "line": 236, "column": 73 } },
      "236": { "start": { "line": 237, "column": 0 }, "end": { "line": 237, "column": 5 } },
      "237": { "start": { "line": 238, "column": 0 }, "end": { "line": 238, "column": 0 } },
      "238": { "start": { "line": 239, "column": 0 }, "end": { "line": 239, "column": 33 } },
      "239": { "start": { "line": 240, "column": 0 }, "end": { "line": 240, "column": 95 } },
      "240": { "start": { "line": 241, "column": 0 }, "end": { "line": 241, "column": 12 } },
      "241": { "start": { "line": 242, "column": 0 }, "end": { "line": 242, "column": 58 } },
      "242": { "start": { "line": 243, "column": 0 }, "end": { "line": 243, "column": 5 } },
      "243": { "start": { "line": 244, "column": 0 }, "end": { "line": 244, "column": 0 } },
      "244": { "start": { "line": 245, "column": 0 }, "end": { "line": 245, "column": 36 } },
      "245": { "start": { "line": 246, "column": 0 }, "end": { "line": 246, "column": 22 } },
      "246": { "start": { "line": 247, "column": 0 }, "end": { "line": 247, "column": 87 } },
      "247": { "start": { "line": 248, "column": 0 }, "end": { "line": 248, "column": 8 } },
      "248": { "start": { "line": 249, "column": 0 }, "end": { "line": 249, "column": 12 } },
      "249": { "start": { "line": 250, "column": 0 }, "end": { "line": 250, "column": 61 } },
      "250": { "start": { "line": 251, "column": 0 }, "end": { "line": 251, "column": 5 } },
      "251": { "start": { "line": 252, "column": 0 }, "end": { "line": 252, "column": 0 } },
      "252": { "start": { "line": 253, "column": 0 }, "end": { "line": 253, "column": 33 } },
      "253": { "start": { "line": 254, "column": 0 }, "end": { "line": 254, "column": 74 } },
      "254": { "start": { "line": 255, "column": 0 }, "end": { "line": 255, "column": 12 } },
      "255": { "start": { "line": 256, "column": 0 }, "end": { "line": 256, "column": 58 } },
      "256": { "start": { "line": 257, "column": 0 }, "end": { "line": 257, "column": 5 } },
      "257": { "start": { "line": 258, "column": 0 }, "end": { "line": 258, "column": 0 } },
      "258": { "start": { "line": 259, "column": 0 }, "end": { "line": 259, "column": 40 } },
      "259": { "start": { "line": 260, "column": 0 }, "end": { "line": 260, "column": 88 } },
      "260": { "start": { "line": 261, "column": 0 }, "end": { "line": 261, "column": 12 } },
      "261": { "start": { "line": 262, "column": 0 }, "end": { "line": 262, "column": 65 } },
      "262": { "start": { "line": 263, "column": 0 }, "end": { "line": 263, "column": 5 } },
      "263": { "start": { "line": 264, "column": 0 }, "end": { "line": 264, "column": 0 } },
      "264": { "start": { "line": 265, "column": 0 }, "end": { "line": 265, "column": 35 } },
      "265": { "start": { "line": 266, "column": 0 }, "end": { "line": 266, "column": 78 } },
      "266": { "start": { "line": 267, "column": 0 }, "end": { "line": 267, "column": 12 } },
      "267": { "start": { "line": 268, "column": 0 }, "end": { "line": 268, "column": 60 } },
      "268": { "start": { "line": 269, "column": 0 }, "end": { "line": 269, "column": 5 } },
      "269": { "start": { "line": 270, "column": 0 }, "end": { "line": 270, "column": 0 } },
      "270": { "start": { "line": 271, "column": 0 }, "end": { "line": 271, "column": 37 } },
      "271": { "start": { "line": 272, "column": 0 }, "end": { "line": 272, "column": 86 } },
      "272": { "start": { "line": 273, "column": 0 }, "end": { "line": 273, "column": 12 } },
      "273": { "start": { "line": 274, "column": 0 }, "end": { "line": 274, "column": 62 } },
      "274": { "start": { "line": 275, "column": 0 }, "end": { "line": 275, "column": 5 } },
      "275": { "start": { "line": 276, "column": 0 }, "end": { "line": 276, "column": 0 } },
      "276": { "start": { "line": 277, "column": 0 }, "end": { "line": 277, "column": 33 } },
      "277": { "start": { "line": 278, "column": 0 }, "end": { "line": 278, "column": 75 } },
      "278": { "start": { "line": 279, "column": 0 }, "end": { "line": 279, "column": 12 } },
      "279": { "start": { "line": 280, "column": 0 }, "end": { "line": 280, "column": 58 } },
      "280": { "start": { "line": 281, "column": 0 }, "end": { "line": 281, "column": 5 } },
      "281": { "start": { "line": 282, "column": 0 }, "end": { "line": 282, "column": 0 } },
      "282": { "start": { "line": 283, "column": 0 }, "end": { "line": 283, "column": 12 } },
      "283": { "start": { "line": 284, "column": 0 }, "end": { "line": 284, "column": 8 } },
      "284": { "start": { "line": 285, "column": 0 }, "end": { "line": 285, "column": 82 } },
      "285": { "start": { "line": 286, "column": 0 }, "end": { "line": 286, "column": 43 } },
      "286": { "start": { "line": 287, "column": 0 }, "end": { "line": 287, "column": 21 } },
[...]
      "76": 0,
      "77": 0,
      "78": 0,
      "79": 0,
      "80": 0,
      "81": 0,
      "82": 0,
      "83": 0,
      "84": 0,
      "85": 6,
      "86": 6,
      "87": 1,
      "88": 1,
      "89": 1,
      "90": 1,
      "91": 1,
      "92": 1,
      "93": 1,
      "94": 1,
      "95": 1,
      "96": 1,
      "97": 1,
      "98": 1,
      "99": 1,
      "100": 1,
      "101": 1,
      "102": 6,
      "103": 6,
      "104": 1,
      "105": 1,
      "106": 1,
      "107": 1,
      "108": 1,
      "109": 1,
      "110": 6,
      "111": 6,
      "112": 0,
      "113": 0,
      "114": 0,
      "115": 0,
      "116": 0,
      "117": 0,
      "118": 0,
      "119": 0,
      "120": 0,
      "121": 0,
      "122": 0,
      "123": 0,
      "124": 0,
      "125": 0,
      "126": 0,
      "127": 0,
      "128": 0,
      "129": 0,
      "130": 6,
      "131": 6,
      "132": 0,
      "133": 0,
      "134": 0,
      "135": 0,
      "136": 0,
      "137": 0,
      "138": 0,
      "139": 0,
      "140": 0,
      "141": 0,
      "142": 0,
      "143": 0,
      "144": 0,
      "145": 0,
      "146": 0,
      "147": 0,
      "148": 0,
      "149": 0,
      "150": 0,
      "151": 0,
      "152": 0,
      "153": 0,
      "154": 0,
      "155": 0,
      "156": 0,
      "157": 0,
      "158": 6,
      "159": 6,
      "160": 7,
      "161": 7,
      "162": 7,
      "163": 0,
      "164": 0,
      "165": 7,
      "166": 6,
      "167": 6,
      "168": 1,
      "169": 1,
      "170": 1,
      "171": 1,
      "172": 1,
      "173": 1,
      "174": 1,
      "175": 1,
      "176": 1,
      "177": 1,
      "178": 1,
      "179": 1,
      "180": 1,
      "181": 1,
      "182": 1,
      "183": 1,
      "184": 1,
      "185": 1,
      "186": 1,
      "187": 1,
      "188": 1,
      "189": 1,
      "190": 1,
      "191": 1,
      "192": 1,
      "193": 1,
      "194": 1,
      "195": 1,
      "196": 1,
      "197": 1,
      "198": 1,
      "199": 0,
      "200": 0,
      "201": 0,
      "202": 0,
      "203": 0,
      "204": 0,
      "205": 1,
      "206": 1,
      "207": 1,
      "208": 1,
      "209": 1,
      "210": 0,
      "211": 0,
      "212": 0,
      "213": 0,
      "214": 0,
      "215": 0,
      "216": 0,
      "217": 0,
      "218": 0,
      "219": 0,
      "220": 1,
      "221": 6,
      "222": 6,
      "223": 7,
      "224": 7,
      "225": 7,
      "226": 7,
      "227": 7,
      "228": 7,
      "229": 7,
      "230": 7,
      "231": 7,
      "232": 7,
      "233": 0,
      "234": 7,
      "235": 7,
      "236": 7,
      "237": 7,
      "238": 7,
      "239": 1,
      "240": 7,
      "241": 6,
      "242": 6,
      "243": 7,
      "244": 7,
      "245": 1,
      "246": 1,
      "247": 1,
      "248": 7,
      "249": 6,
      "250": 6,
      "251": 7,
      "252": 7,
      "253": 1,
      "254": 7,
      "255": 6,
      "256": 6,
      "257": 7,
      "258": 7,
      "259": 1,
      "260": 7,
      "261": 6,
      "262": 6,
      "263": 7,
      "264": 7,
      "265": 1,
      "266": 7,
      "267": 6,
      "268": 6,
      "269": 7,
      "270": 7,
      "271": 1,
      "272": 7,
      "273": 6,
      "274": 6,
      "275": 7,
      "276": 7,
      "277": 1,
      "278": 7,
      "279": 6,
      "280": 6,
      "281": 7,
      "282": 7,
      "283": 7,
      "284": 7,
      "285": 7,
      "286": 7,
      "287": 7,
      "288": 7,
      "289": 7,
      "290": 7,
      "291": 7,
      "292": 7,
      "293": 7,
      "294": 7,
      "295": 7,
      "296": 7,
      "297": 7,
      "298": 7,
      "299": 7,
      "300": 7,
      "301": 7,
      "302": 7,
      "303": 7,
      "304": 7,
      "305": 7,
      "306": 7,
      "307": 7,
      "308": 7,
      "309": 7,
      "310": 7,
      "311": 0,
      "312": 7,
      "313": 7,
      "314": 7,
      "315": 7,
      "316": 7,
      "317": 6
    },
    "branchMap": {
      "0": {
        "type": "branch",
        "line": 29,
        "loc": { "start": { "line": 29, "column": 0 }, "end": { "line": 318, "column": 1 } },
        "locations": [{ "start": { "line": 29, "column": 0 }, "end": { "line": 318, "column": 1 } }]
      },
      "1": {
        "type": "branch",
        "line": 38,
        "loc": { "start": { "line": 38, "column": 2 }, "end": { "line": 61, "column": 3 } },
        "locations": [{ "start": { "line": 38, "column": 2 }, "end": { "line": 61, "column": 3 } }]
      },
      "2": {
        "type": "branch",
        "line": 87,
        "loc": { "start": { "line": 87, "column": 2 }, "end": { "line": 102, "column": 3 } },
        "locations": [{ "start": { "line": 87, "column": 2 }, "end": { "line": 102, "column": 3 } }]
      },
      "3": {
        "type": "branch",
        "line": 101,
        "loc": { "start": { "line": 101, "column": 31 }, "end": { "line": 101, "column": 49 } },
        "locations": [
          { "start": { "line": 101, "column": 31 }, "end": { "line": 101, "column": 49 } }
        ]
      },
      "4": {
        "type": "branch",
        "line": 104,
        "loc": { "start": { "line": 104, "column": 2 }, "end": { "line": 110, "column": 3 } },
        "locations": [
          { "start": { "line": 104, "column": 2 }, "end": { "line": 110, "column": 3 } }
        ]
      },
      "5": {
        "type": "branch",
        "line": 109,
        "loc": { "start": { "line": 109, "column": 31 }, "end": { "line": 109, "column": 45 } },
        "locations": [
          { "start": { "line": 109, "column": 31 }, "end": { "line": 109, "column": 45 } }
        ]
      },
      "6": {
        "type": "branch",
        "line": 160,
        "loc": { "start": { "line": 160, "column": 2 }, "end": { "line": 166, "column": 3 } },
        "locations": [
          { "start": { "line": 160, "column": 2 }, "end": { "line": 166, "column": 3 } }
        ]
      },
      "7": {
        "type": "branch",
        "line": 163,
        "loc": { "start": { "line": 163, "column": 4 }, "end": { "line": 165, "column": 5 } },
        "locations": [
          { "start": { "line": 163, "column": 4 }, "end": { "line": 165, "column": 5 } }
        ]
      },
      "8": {
        "type": "branch",
        "line": 168,
        "loc": { "start": { "line": 168, "column": 17 }, "end": { "line": 221, "column": 4 } },
        "locations": [
          { "start": { "line": 168, "column": 17 }, "end": { "line": 221, "column": 4 } }
        ]
      },
      "9": {
        "type": "branch",
        "line": 199,
        "loc": { "start": { "line": 199, "column": 7 }, "end": { "line": 200, "column": 32 } },
        "locations": [
          { "start": { "line": 199, "column": 7 }, "end": { "line": 200, "column": 32 } }
        ]
      },
      "10": {
        "type": "branch",
        "line": 200,
        "loc": { "start": { "line": 200, "column": 7 }, "end": { "line": 201, "column": 25 } },
        "locations": [
          { "start": { "line": 200, "column": 7 }, "end": { "line": 201, "column": 25 } }
        ]
      },
      "11": {
        "type": "branch",
        "line": 201,
        "loc": { "start": { "line": 201, "column": 17 }, "end": { "line": 202, "column": 41 } },
        "locations": [
          { "start": { "line": 201, "column": 17 }, "end": { "line": 202, "column": 41 } }
        ]
      },
      "12": {
        "type": "branch",
        "line": 202,
        "loc": { "start": { "line": 202, "column": 29 }, "end": { "line": 203, "column": 34 } },
        "locations": [
          { "start": { "line": 202, "column": 29 }, "end": { "line": 203, "column": 34 } }
        ]
      },
      "13": {
        "type": "branch",
        "line": 203,
        "loc": { "start": { "line": 203, "column": 30 }, "end": { "line": 204, "column": 34 } },
        "locations": [
          { "start": { "line": 203, "column": 30 }, "end": { "line": 204, "column": 34 } }
        ]
      },
      "14": {
        "type": "branch",
        "line": 204,
        "loc": { "start": { "line": 204, "column": 30 }, "end": { "line": 205, "column": 22 } },
        "locations": [
          { "start": { "line": 204, "column": 30 }, "end": { "line": 205, "column": 22 } }
        ]
      },
      "15": {
        "type": "branch",
        "line": 210,
        "loc": { "start": { "line": 210, "column": 4 }, "end": { "line": 220, "column": 5 } },
        "locations": [
          { "start": { "line": 210, "column": 4 }, "end": { "line": 220, "column": 5 } }
        ]
      },
      "16": {
        "type": "branch",
        "line": 223,
        "loc": { "start": { "line": 223, "column": 2 }, "end": { "line": 317, "column": 3 } },
        "locations": [
          { "start": { "line": 223, "column": 2 }, "end": { "line": 317, "column": 3 } }
        ]
      },
      "17": {
        "type": "branch",
        "line": 233,
        "loc": { "start": { "line": 233, "column": 28 }, "end": { "line": 235, "column": 11 } },
        "locations": [
          { "start": { "line": 233, "column": 28 }, "end": { "line": 235, "column": 11 } }
        ]
      },
      "18": {
        "type": "branch",
        "line": 239,
        "loc": { "start": { "line": 239, "column": 32 }, "end": { "line": 241, "column": 11 } },
        "locations": [
          { "start": { "line": 239, "column": 32 }, "end": { "line": 241, "column": 11 } }
        ]
      },
      "19": {
        "type": "branch",
        "line": 241,
        "loc": { "start": { "line": 241, "column": 4 }, "end": { "line": 243, "column": 5 } },
        "locations": [
          { "start": { "line": 241, "column": 4 }, "end": { "line": 243, "column": 5 } }
        ]
      },
      "20": {
        "type": "branch",
        "line": 245,
        "loc": { "start": { "line": 245, "column": 35 }, "end": { "line": 249, "column": 11 } },
        "locations": [
          { "start": { "line": 245, "column": 35 }, "end": { "line": 249, "column": 11 } }
        ]
      },
      "21": {
        "type": "branch",
        "line": 249,
        "loc": { "start": { "line": 249, "column": 4 }, "end": { "line": 251, "column": 5 } },
        "locations": [
          { "start": { "line": 249, "column": 4 }, "end": { "line": 251, "column": 5 } }
        ]
      },
      "22": {
        "type": "branch",
        "line": 253,
        "loc": { "start": { "line": 253, "column": 32 }, "end": { "line": 255, "column": 11 } },
        "locations": [
          { "start": { "line": 253, "column": 32 }, "end": { "line": 255, "column": 11 } }
        ]
      },
      "23": {
        "type": "branch",
        "line": 255,
        "loc": { "start": { "line": 255, "column": 4 }, "end": { "line": 257, "column": 5 } },
        "locations": [
          { "start": { "line": 255, "column": 4 }, "end": { "line": 257, "column": 5 } }
        ]
      },
      "24": {
        "type": "branch",
        "line": 259,
        "loc": { "start": { "line": 259, "column": 39 }, "end": { "line": 261, "column": 11 } },
        "locations": [
          { "start": { "line": 259, "column": 39 }, "end": { "line": 261, "column": 11 } }
        ]
      },
      "25": {
        "type": "branch",
        "line": 261,
        "loc": { "start": { "line": 261, "column": 4 }, "end": { "line": 263, "column": 5 } },
        "locations": [
          { "start": { "line": 261, "column": 4 }, "end": { "line": 263, "column": 5 } }
        ]
      },
      "26": {
        "type": "branch",
        "line": 265,
        "loc": { "start": { "line": 265, "column": 34 }, "end": { "line": 267, "column": 11 } },
        "locations": [
          { "start": { "line": 265, "column": 34 }, "end": { "line": 267, "column": 11 } }
        ]
      },
      "27": {
        "type": "branch",
        "line": 267,
        "loc": { "start": { "line": 267, "column": 4 }, "end": { "line": 269, "column": 5 } },
        "locations": [
          { "start": { "line": 267, "column": 4 }, "end": { "line": 269, "column": 5 } }
        ]
      },
      "28": {
        "type": "branch",
        "line": 271,
        "loc": { "start": { "line": 271, "column": 36 }, "end": { "line": 273, "column": 11 } },
        "locations": [
          { "start": { "line": 271, "column": 36 }, "end": { "line": 273, "column": 11 } }
        ]
      },
      "29": {
        "type": "branch",
        "line": 273,
        "loc": { "start": { "line": 273, "column": 4 }, "end": { "line": 275, "column": 5 } },
        "locations": [
          { "start": { "line": 273, "column": 4 }, "end": { "line": 275, "column": 5 } }
        ]
      },
      "30": {
        "type": "branch",
        "line": 277,
        "loc": { "start": { "line": 277, "column": 32 }, "end": { "line": 279, "column": 11 } },
        "locations": [
          { "start": { "line": 277, "column": 32 }, "end": { "line": 279, "column": 11 } }
        ]
      },
      "31": {
        "type": "branch",
        "line": 279,
        "loc": { "start": { "line": 279, "column": 4 }, "end": { "line": 281, "column": 5 } },
        "locations": [
          { "start": { "line": 279, "column": 4 }, "end": { "line": 281, "column": 5 } }
        ]
      }
    },
    "b": {
      "0": [6],
      "1": [6],
      "2": [1],
      "3": [5],
      "4": [1],
      "5": [2],
      "6": [7],
      "7": [0],
      "8": [1],
      "9": [0],
      "10": [0],
      "11": [0],
      "12": [0],
      "13": [0],
      "14": [0],
      "15": [0],
      "16": [7],
      "17": [0],
      "18": [1],
      "19": [6],
      "20": [1],
      "21": [6],
      "22": [1],
      "23": [6],
      "24": [1],
      "25": [6],
      "26": [1],
      "27": [6],
      "28": [1],
      "29": [6],
      "30": [1],
      "31": [6]
    },
    "fnMap": {
      "0": {
        "name": "<instance_members_initializer>",
        "decl": { "start": { "line": 29, "column": 0 }, "end": { "line": 318, "column": 1 } },
        "loc": { "start": { "line": 29, "column": 0 }, "end": { "line": 318, "column": 1 } },
        "line": 29
      },
      "1": {
        "name": "Forms",
        "decl": { "start": { "line": 38, "column": 2 }, "end": { "line": 61, "column": 3 } },
        "loc": { "start": { "line": 38, "column": 2 }, "end": { "line": 61, "column": 3 } },
        "line": 38
      },
      "2": {
        "name": "loadFileAsync",
        "decl": { "start": { "line": 63, "column": 2 }, "end": { "line": 74, "column": 3 } },
        "loc": { "start": { "line": 63, "column": 2 }, "end": { "line": 74, "column": 3 } },
        "line": 63
      },
      "3": {
        "name": "getUrlFile",
        "decl": { "start": { "line": 76, "column": 2 }, "end": { "line": 85, "column": 3 } },
        "loc": { "start": { "line": 76, "column": 2 }, "end": { "line": 85, "column": 3 } },
        "line": 76
      },
      "4": {
        "name": "getCheckAccess",
        "decl": { "start": { "line": 87, "column": 2 }, "end": { "line": 102, "column": 3 } },
        "loc": { "start": { "line": 87, "column": 2 }, "end": { "line": 102, "column": 3 } },
        "line": 87
      },
      "5": {
        "name": "getCheckRadio",
        "decl": { "start": { "line": 104, "column": 2 }, "end": { "line": 110, "column": 3 } },
        "loc": { "start": { "line": 104, "column": 2 }, "end": { "line": 110, "column": 3 } },
        "line": 104
      },
      "6": {
        "name": "fillUserInfo",
        "decl": { "start": { "line": 112, "column": 2 }, "end": { "line": 130, "column": 3 } },
        "loc": { "start": { "line": 112, "column": 2 }, "end": { "line": 130, "column": 3 } },
        "line": 112
      },
      "7": {
        "name": "clearForm",
        "decl": { "start": { "line": 132, "column": 2 }, "end": { "line": 158, "column": 3 } },
        "loc": { "start": { "line": 132, "column": 2 }, "end": { "line": 158, "column": 3 } },
        "line": 132
      },
      "8": {
        "name": "settingState",
        "decl": { "start": { "line": 160, "column": 2 }, "end": { "line": 166, "column": 3 } },
        "loc": { "start": { "line": 160, "column": 2 }, "end": { "line": 166, "column": 3 } },
        "line": 160
      },
      "9": {
        "name": "handleSubmit",
        "decl": { "start": { "line": 168, "column": 17 }, "end": { "line": 221, "column": 4 } },
        "loc": { "start": { "line": 168, "column": 17 }, "end": { "line": 221, "column": 4 } },
        "line": 168
      },
      "10": {
        "name": "render",
        "decl": { "start": { "line": 223, "column": 2 }, "end": { "line": 317, "column": 3 } },
        "loc": { "start": { "line": 223, "column": 2 }, "end": { "line": 317, "column": 3 } },
        "line": 223
      }
    },
    "f": { "0": 6, "1": 6, "2": 0, "3": 0, "4": 1, "5": 1, "6": 0, "7": 0, "8": 7, "9": 1, "10": 7 }
  },
  "E:\\RS-School-2022-2023\\React\\react-01\\react-components\\src\\utils\\utils.tsx": {
    "path": "E:\\RS-School-2022-2023\\React\\react-01\\react-components\\src\\utils\\utils.tsx",
    "all": false,
    "statementMap": {
      "0": { "start": { "line": 1, "column": 0 }, "end": { "line": 1, "column": 65 } },
      "1": { "start": { "line": 2, "column": 0 }, "end": { "line": 2, "column": 35 } },
      "2": { "start": { "line": 3, "column": 0 }, "end": { "line": 3, "column": 0 } },
      "3": { "start": { "line": 4, "column": 0 }, "end": { "line": 4, "column": 84 } }
    },
    "s": { "0": 1, "1": 1, "2": 1, "3": 1 },
    "branchMap": {
      "0": {
        "type": "branch",
        "line": 2,
        "loc": { "start": { "line": 2, "column": 32 }, "end": { "line": 2, "column": 35 } },
        "locations": [{ "start": { "line": 2, "column": 32 }, "end": { "line": 2, "column": 35 } }]
      },
      "1": {
        "type": "branch",
        "line": 2,
        "loc": { "start": { "line": 2, "column": 32 }, "end": { "line": 2, "column": 35 } },
        "locations": [{ "start": { "line": 2, "column": 32 }, "end": { "line": 2, "column": 35 } }]
      },
      "2": {
        "type": "branch",
        "line": 2,
        "loc": { "start": { "line": 2, "column": 32 }, "end": { "line": 2, "column": 35 } },
        "locations": [{ "start": { "line": 2, "column": 32 }, "end": { "line": 2, "column": 35 } }]
      },
      "3": {
        "type": "branch",
        "line": 2,
        "loc": { "start": { "line": 2, "column": 32 }, "end": { "line": 2, "column": 35 } },
        "locations": [{ "start": { "line": 2, "column": 32 }, "end": { "line": 2, "column": 35 } }]
      },
      "4": {
        "type": "branch",
        "line": 4,
        "loc": { "start": { "line": 4, "column": 25 }, "end": { "line": 4, "column": 84 } },
        "locations": [{ "start": { "line": 4, "column": 25 }, "end": { "line": 4, "column": 84 } }]
      },
      "5": {
        "type": "branch",
        "line": 4,
        "loc": { "start": { "line": 4, "column": 82 }, "end": { "line": 4, "column": 84 } },
        "locations": [{ "start": { "line": 4, "column": 82 }, "end": { "line": 4, "column": 84 } }]
      }
    },
    "b": { "0": [8], "1": [1], "2": [7], "3": [8], "4": [4], "5": [4] },
    "fnMap": {
      "0": {
        "name": "getValueCheck",
        "decl": { "start": { "line": 2, "column": 32 }, "end": { "line": 2, "column": 35 } },
        "loc": { "start": { "line": 2, "column": 32 }, "end": { "line": 2, "column": 35 } },
        "line": 2
      },
      "1": {
        "name": "get",
        "decl": { "start": { "line": 2, "column": 32 }, "end": { "line": 2, "column": 35 } },
        "loc": { "start": { "line": 2, "column": 32 }, "end": { "line": 2, "column": 35 } },
        "line": 2
      },
      "2": {
        "name": "isCapital",
        "decl": { "start": { "line": 4, "column": 25 }, "end": { "line": 4, "column": 84 } },
        "loc": { "start": { "line": 4, "column": 25 }, "end": { "line": 4, "column": 84 } },
        "line": 4
      },
      "3": {
        "name": "get",
        "decl": { "start": { "line": 4, "column": 82 }, "end": { "line": 4, "column": 84 } },
        "loc": { "start": { "line": 4, "column": 82 }, "end": { "line": 4, "column": 84 } },
        "line": 4
      }
    },
    "f": { "0": 8, "1": 8, "2": 4, "3": 4 }
  }
}
